-------------------------------------------------------------------------------
Test set: pe.edu.pucp.squirlearn.dao.item.CategoriaDaoTest
-------------------------------------------------------------------------------
Tests run: 5, Failures: 0, Errors: 5, Skipped: 0, Time elapsed: 5.081 s <<< FAILURE! -- in pe.edu.pucp.squirlearn.dao.item.CategoriaDaoTest
pe.edu.pucp.squirlearn.dao.item.CategoriaDaoTest.testModificar -- Time elapsed: 1.003 s <<< ERROR!
java.lang.ClassCastException: class java.util.Date cannot be cast to class java.sql.Date (java.util.Date is in module java.base of loader 'bootstrap'; java.sql.Date is in module java.sql of loader 'platform')
	at pe.edu.pucp.squirlearn.daoImpl.item.CategoriaDaoImpl.incluirValorDeParametrosParaInsercion(CategoriaDaoImpl.java:34)
	at pe.edu.pucp.squirlearn.daoImpl.DAOImplBase.ejecuta_DML(DAOImplBase.java:105)
	at pe.edu.pucp.squirlearn.daoImpl.DAOImplBase.insertar(DAOImplBase.java:75)
	at pe.edu.pucp.squirlearn.daoImpl.item.CategoriaDaoImpl.insertar(CategoriaDaoImpl.java:85)
	at pe.edu.pucp.squirlearn.daoImpl.item.CategoriaDaoImpl.insertar(CategoriaDaoImpl.java:11)
	at pe.edu.pucp.squirlearn.dao.item.CategoriaDaoTest.insertarCategorias(CategoriaDaoTest.java:33)
	at pe.edu.pucp.squirlearn.dao.item.CategoriaDaoTest.testModificar(CategoriaDaoTest.java:92)
	at java.base/java.lang.reflect.Method.invoke(Method.java:565)
	at java.base/java.util.ArrayList.forEach(ArrayList.java:1604)
	at java.base/java.util.ArrayList.forEach(ArrayList.java:1604)

pe.edu.pucp.squirlearn.dao.item.CategoriaDaoTest.testObtenerPorId -- Time elapsed: 1.031 s <<< ERROR!
java.lang.ClassCastException: class java.util.Date cannot be cast to class java.sql.Date (java.util.Date is in module java.base of loader 'bootstrap'; java.sql.Date is in module java.sql of loader 'platform')
	at pe.edu.pucp.squirlearn.daoImpl.item.CategoriaDaoImpl.incluirValorDeParametrosParaInsercion(CategoriaDaoImpl.java:34)
	at pe.edu.pucp.squirlearn.daoImpl.DAOImplBase.ejecuta_DML(DAOImplBase.java:105)
	at pe.edu.pucp.squirlearn.daoImpl.DAOImplBase.insertar(DAOImplBase.java:75)
	at pe.edu.pucp.squirlearn.daoImpl.item.CategoriaDaoImpl.insertar(CategoriaDaoImpl.java:85)
	at pe.edu.pucp.squirlearn.daoImpl.item.CategoriaDaoImpl.insertar(CategoriaDaoImpl.java:11)
	at pe.edu.pucp.squirlearn.dao.item.CategoriaDaoTest.insertarCategorias(CategoriaDaoTest.java:33)
	at pe.edu.pucp.squirlearn.dao.item.CategoriaDaoTest.testObtenerPorId(CategoriaDaoTest.java:62)
	at java.base/java.lang.reflect.Method.invoke(Method.java:565)
	at java.base/java.util.ArrayList.forEach(ArrayList.java:1604)
	at java.base/java.util.ArrayList.forEach(ArrayList.java:1604)

pe.edu.pucp.squirlearn.dao.item.CategoriaDaoTest.testEliminar -- Time elapsed: 1.008 s <<< ERROR!
java.lang.ClassCastException: class java.util.Date cannot be cast to class java.sql.Date (java.util.Date is in module java.base of loader 'bootstrap'; java.sql.Date is in module java.sql of loader 'platform')
	at pe.edu.pucp.squirlearn.daoImpl.item.CategoriaDaoImpl.incluirValorDeParametrosParaInsercion(CategoriaDaoImpl.java:34)
	at pe.edu.pucp.squirlearn.daoImpl.DAOImplBase.ejecuta_DML(DAOImplBase.java:105)
	at pe.edu.pucp.squirlearn.daoImpl.DAOImplBase.insertar(DAOImplBase.java:75)
	at pe.edu.pucp.squirlearn.daoImpl.item.CategoriaDaoImpl.insertar(CategoriaDaoImpl.java:85)
	at pe.edu.pucp.squirlearn.daoImpl.item.CategoriaDaoImpl.insertar(CategoriaDaoImpl.java:11)
	at pe.edu.pucp.squirlearn.dao.item.CategoriaDaoTest.insertarCategorias(CategoriaDaoTest.java:33)
	at pe.edu.pucp.squirlearn.dao.item.CategoriaDaoTest.testEliminar(CategoriaDaoTest.java:110)
	at java.base/java.lang.reflect.Method.invoke(Method.java:565)
	at java.base/java.util.ArrayList.forEach(ArrayList.java:1604)
	at java.base/java.util.ArrayList.forEach(ArrayList.java:1604)

pe.edu.pucp.squirlearn.dao.item.CategoriaDaoTest.testInsertar -- Time elapsed: 1.032 s <<< ERROR!
java.lang.ClassCastException: class java.util.Date cannot be cast to class java.sql.Date (java.util.Date is in module java.base of loader 'bootstrap'; java.sql.Date is in module java.sql of loader 'platform')
	at pe.edu.pucp.squirlearn.daoImpl.item.CategoriaDaoImpl.incluirValorDeParametrosParaInsercion(CategoriaDaoImpl.java:34)
	at pe.edu.pucp.squirlearn.daoImpl.DAOImplBase.ejecuta_DML(DAOImplBase.java:105)
	at pe.edu.pucp.squirlearn.daoImpl.DAOImplBase.insertar(DAOImplBase.java:75)
	at pe.edu.pucp.squirlearn.daoImpl.item.CategoriaDaoImpl.insertar(CategoriaDaoImpl.java:85)
	at pe.edu.pucp.squirlearn.daoImpl.item.CategoriaDaoImpl.insertar(CategoriaDaoImpl.java:11)
	at pe.edu.pucp.squirlearn.dao.item.CategoriaDaoTest.insertarCategorias(CategoriaDaoTest.java:33)
	at pe.edu.pucp.squirlearn.dao.item.CategoriaDaoTest.testInsertar(CategoriaDaoTest.java:22)
	at java.base/java.lang.reflect.Method.invoke(Method.java:565)
	at java.base/java.util.ArrayList.forEach(ArrayList.java:1604)
	at java.base/java.util.ArrayList.forEach(ArrayList.java:1604)

pe.edu.pucp.squirlearn.dao.item.CategoriaDaoTest.testListarTodos -- Time elapsed: 1.004 s <<< ERROR!
java.lang.ClassCastException: class java.util.Date cannot be cast to class java.sql.Date (java.util.Date is in module java.base of loader 'bootstrap'; java.sql.Date is in module java.sql of loader 'platform')
	at pe.edu.pucp.squirlearn.daoImpl.item.CategoriaDaoImpl.incluirValorDeParametrosParaInsercion(CategoriaDaoImpl.java:34)
	at pe.edu.pucp.squirlearn.daoImpl.DAOImplBase.ejecuta_DML(DAOImplBase.java:105)
	at pe.edu.pucp.squirlearn.daoImpl.DAOImplBase.insertar(DAOImplBase.java:75)
	at pe.edu.pucp.squirlearn.daoImpl.item.CategoriaDaoImpl.insertar(CategoriaDaoImpl.java:85)
	at pe.edu.pucp.squirlearn.daoImpl.item.CategoriaDaoImpl.insertar(CategoriaDaoImpl.java:11)
	at pe.edu.pucp.squirlearn.dao.item.CategoriaDaoTest.insertarCategorias(CategoriaDaoTest.java:33)
	at pe.edu.pucp.squirlearn.dao.item.CategoriaDaoTest.testListarTodos(CategoriaDaoTest.java:78)
	at java.base/java.lang.reflect.Method.invoke(Method.java:565)
	at java.base/java.util.ArrayList.forEach(ArrayList.java:1604)
	at java.base/java.util.ArrayList.forEach(ArrayList.java:1604)

