-------------------------------------------------------------------------------
Test set: pe.edu.pucp.squirlearn.dao.persona.PersonaDaoTest
-------------------------------------------------------------------------------
Tests run: 5, Failures: 0, Errors: 5, Skipped: 0, Time elapsed: 5.074 s <<< FAILURE! -- in pe.edu.pucp.squirlearn.dao.persona.PersonaDaoTest
pe.edu.pucp.squirlearn.dao.persona.PersonaDaoTest.testModificar -- Time elapsed: 1.005 s <<< ERROR!
java.lang.ClassCastException: class java.util.Date cannot be cast to class java.sql.Date (java.util.Date is in module java.base of loader 'bootstrap'; java.sql.Date is in module java.sql of loader 'platform')
	at pe.edu.pucp.squirlearn.daoImpl.persona.PersonaDaoImpl.incluirValorDeParametrosParaInsercion(PersonaDaoImpl.java:46)
	at pe.edu.pucp.squirlearn.daoImpl.DAOImplBase.ejecuta_DML(DAOImplBase.java:105)
	at pe.edu.pucp.squirlearn.daoImpl.DAOImplBase.insertar(DAOImplBase.java:75)
	at pe.edu.pucp.squirlearn.daoImpl.persona.PersonaDaoImpl.insertar(PersonaDaoImpl.java:111)
	at pe.edu.pucp.squirlearn.daoImpl.persona.PersonaDaoImpl.insertar(PersonaDaoImpl.java:11)
	at pe.edu.pucp.squirlearn.dao.persona.PersonaDaoTest.insertarPersonas(PersonaDaoTest.java:39)
	at pe.edu.pucp.squirlearn.dao.persona.PersonaDaoTest.testModificar(PersonaDaoTest.java:108)
	at java.base/java.lang.reflect.Method.invoke(Method.java:565)
	at java.base/java.util.ArrayList.forEach(ArrayList.java:1604)
	at java.base/java.util.ArrayList.forEach(ArrayList.java:1604)

pe.edu.pucp.squirlearn.dao.persona.PersonaDaoTest.testObtenerPorId -- Time elapsed: 1.003 s <<< ERROR!
java.lang.ClassCastException: class java.util.Date cannot be cast to class java.sql.Date (java.util.Date is in module java.base of loader 'bootstrap'; java.sql.Date is in module java.sql of loader 'platform')
	at pe.edu.pucp.squirlearn.daoImpl.persona.PersonaDaoImpl.incluirValorDeParametrosParaInsercion(PersonaDaoImpl.java:46)
	at pe.edu.pucp.squirlearn.daoImpl.DAOImplBase.ejecuta_DML(DAOImplBase.java:105)
	at pe.edu.pucp.squirlearn.daoImpl.DAOImplBase.insertar(DAOImplBase.java:75)
	at pe.edu.pucp.squirlearn.daoImpl.persona.PersonaDaoImpl.insertar(PersonaDaoImpl.java:111)
	at pe.edu.pucp.squirlearn.daoImpl.persona.PersonaDaoImpl.insertar(PersonaDaoImpl.java:11)
	at pe.edu.pucp.squirlearn.dao.persona.PersonaDaoTest.insertarPersonas(PersonaDaoTest.java:39)
	at pe.edu.pucp.squirlearn.dao.persona.PersonaDaoTest.testObtenerPorId(PersonaDaoTest.java:78)
	at java.base/java.lang.reflect.Method.invoke(Method.java:565)
	at java.base/java.util.ArrayList.forEach(ArrayList.java:1604)
	at java.base/java.util.ArrayList.forEach(ArrayList.java:1604)

pe.edu.pucp.squirlearn.dao.persona.PersonaDaoTest.testEliminar -- Time elapsed: 1.008 s <<< ERROR!
java.lang.ClassCastException: class java.util.Date cannot be cast to class java.sql.Date (java.util.Date is in module java.base of loader 'bootstrap'; java.sql.Date is in module java.sql of loader 'platform')
	at pe.edu.pucp.squirlearn.daoImpl.persona.PersonaDaoImpl.incluirValorDeParametrosParaInsercion(PersonaDaoImpl.java:46)
	at pe.edu.pucp.squirlearn.daoImpl.DAOImplBase.ejecuta_DML(DAOImplBase.java:105)
	at pe.edu.pucp.squirlearn.daoImpl.DAOImplBase.insertar(DAOImplBase.java:75)
	at pe.edu.pucp.squirlearn.daoImpl.persona.PersonaDaoImpl.insertar(PersonaDaoImpl.java:111)
	at pe.edu.pucp.squirlearn.daoImpl.persona.PersonaDaoImpl.insertar(PersonaDaoImpl.java:11)
	at pe.edu.pucp.squirlearn.dao.persona.PersonaDaoTest.insertarPersonas(PersonaDaoTest.java:39)
	at pe.edu.pucp.squirlearn.dao.persona.PersonaDaoTest.testEliminar(PersonaDaoTest.java:126)
	at java.base/java.lang.reflect.Method.invoke(Method.java:565)
	at java.base/java.util.ArrayList.forEach(ArrayList.java:1604)
	at java.base/java.util.ArrayList.forEach(ArrayList.java:1604)

pe.edu.pucp.squirlearn.dao.persona.PersonaDaoTest.testInsertar -- Time elapsed: 1.030 s <<< ERROR!
java.lang.ClassCastException: class java.util.Date cannot be cast to class java.sql.Date (java.util.Date is in module java.base of loader 'bootstrap'; java.sql.Date is in module java.sql of loader 'platform')
	at pe.edu.pucp.squirlearn.daoImpl.persona.PersonaDaoImpl.incluirValorDeParametrosParaInsercion(PersonaDaoImpl.java:46)
	at pe.edu.pucp.squirlearn.daoImpl.DAOImplBase.ejecuta_DML(DAOImplBase.java:105)
	at pe.edu.pucp.squirlearn.daoImpl.DAOImplBase.insertar(DAOImplBase.java:75)
	at pe.edu.pucp.squirlearn.daoImpl.persona.PersonaDaoImpl.insertar(PersonaDaoImpl.java:111)
	at pe.edu.pucp.squirlearn.daoImpl.persona.PersonaDaoImpl.insertar(PersonaDaoImpl.java:11)
	at pe.edu.pucp.squirlearn.dao.persona.PersonaDaoTest.insertarPersonas(PersonaDaoTest.java:39)
	at pe.edu.pucp.squirlearn.dao.persona.PersonaDaoTest.testInsertar(PersonaDaoTest.java:22)
	at java.base/java.lang.reflect.Method.invoke(Method.java:565)
	at java.base/java.util.ArrayList.forEach(ArrayList.java:1604)
	at java.base/java.util.ArrayList.forEach(ArrayList.java:1604)

pe.edu.pucp.squirlearn.dao.persona.PersonaDaoTest.testListarTodos -- Time elapsed: 1.023 s <<< ERROR!
java.lang.ClassCastException: class java.util.Date cannot be cast to class java.sql.Date (java.util.Date is in module java.base of loader 'bootstrap'; java.sql.Date is in module java.sql of loader 'platform')
	at pe.edu.pucp.squirlearn.daoImpl.persona.PersonaDaoImpl.incluirValorDeParametrosParaInsercion(PersonaDaoImpl.java:46)
	at pe.edu.pucp.squirlearn.daoImpl.DAOImplBase.ejecuta_DML(DAOImplBase.java:105)
	at pe.edu.pucp.squirlearn.daoImpl.DAOImplBase.insertar(DAOImplBase.java:75)
	at pe.edu.pucp.squirlearn.daoImpl.persona.PersonaDaoImpl.insertar(PersonaDaoImpl.java:111)
	at pe.edu.pucp.squirlearn.daoImpl.persona.PersonaDaoImpl.insertar(PersonaDaoImpl.java:11)
	at pe.edu.pucp.squirlearn.dao.persona.PersonaDaoTest.insertarPersonas(PersonaDaoTest.java:39)
	at pe.edu.pucp.squirlearn.dao.persona.PersonaDaoTest.testListarTodos(PersonaDaoTest.java:94)
	at java.base/java.lang.reflect.Method.invoke(Method.java:565)
	at java.base/java.util.ArrayList.forEach(ArrayList.java:1604)
	at java.base/java.util.ArrayList.forEach(ArrayList.java:1604)

