-------------------------------------------------------------------------------
Test set: pe.edu.pucp.squirlearn.dao.item.TamanoDaoTest
-------------------------------------------------------------------------------
Tests run: 5, Failures: 0, Errors: 5, Skipped: 0, Time elapsed: 5.028 s <<< FAILURE! -- in pe.edu.pucp.squirlearn.dao.item.TamanoDaoTest
pe.edu.pucp.squirlearn.dao.item.TamanoDaoTest.testModificar -- Time elapsed: 1.001 s <<< ERROR!
java.lang.ClassCastException: class java.util.Date cannot be cast to class java.sql.Date (java.util.Date is in module java.base of loader 'bootstrap'; java.sql.Date is in module java.sql of loader 'platform')
	at pe.edu.pucp.squirlearn.daoImpl.item.TamanoDaoImpl.incluirValorDeParametrosParaInsercion(TamanoDaoImpl.java:34)
	at pe.edu.pucp.squirlearn.daoImpl.DAOImplBase.ejecuta_DML(DAOImplBase.java:105)
	at pe.edu.pucp.squirlearn.daoImpl.DAOImplBase.insertar(DAOImplBase.java:75)
	at pe.edu.pucp.squirlearn.daoImpl.item.TamanoDaoImpl.insertar(TamanoDaoImpl.java:85)
	at pe.edu.pucp.squirlearn.daoImpl.item.TamanoDaoImpl.insertar(TamanoDaoImpl.java:11)
	at pe.edu.pucp.squirlearn.dao.item.TamanoDaoTest.insertarTamaños(TamanoDaoTest.java:34)
	at pe.edu.pucp.squirlearn.dao.item.TamanoDaoTest.testModificar(TamanoDaoTest.java:93)
	at java.base/java.lang.reflect.Method.invoke(Method.java:565)
	at java.base/java.util.ArrayList.forEach(ArrayList.java:1604)
	at java.base/java.util.ArrayList.forEach(ArrayList.java:1604)

pe.edu.pucp.squirlearn.dao.item.TamanoDaoTest.testObtenerPorId -- Time elapsed: 1.002 s <<< ERROR!
java.lang.ClassCastException: class java.util.Date cannot be cast to class java.sql.Date (java.util.Date is in module java.base of loader 'bootstrap'; java.sql.Date is in module java.sql of loader 'platform')
	at pe.edu.pucp.squirlearn.daoImpl.item.TamanoDaoImpl.incluirValorDeParametrosParaInsercion(TamanoDaoImpl.java:34)
	at pe.edu.pucp.squirlearn.daoImpl.DAOImplBase.ejecuta_DML(DAOImplBase.java:105)
	at pe.edu.pucp.squirlearn.daoImpl.DAOImplBase.insertar(DAOImplBase.java:75)
	at pe.edu.pucp.squirlearn.daoImpl.item.TamanoDaoImpl.insertar(TamanoDaoImpl.java:85)
	at pe.edu.pucp.squirlearn.daoImpl.item.TamanoDaoImpl.insertar(TamanoDaoImpl.java:11)
	at pe.edu.pucp.squirlearn.dao.item.TamanoDaoTest.insertarTamaños(TamanoDaoTest.java:34)
	at pe.edu.pucp.squirlearn.dao.item.TamanoDaoTest.testObtenerPorId(TamanoDaoTest.java:63)
	at java.base/java.lang.reflect.Method.invoke(Method.java:565)
	at java.base/java.util.ArrayList.forEach(ArrayList.java:1604)
	at java.base/java.util.ArrayList.forEach(ArrayList.java:1604)

pe.edu.pucp.squirlearn.dao.item.TamanoDaoTest.testEliminar -- Time elapsed: 1.003 s <<< ERROR!
java.lang.ClassCastException: class java.util.Date cannot be cast to class java.sql.Date (java.util.Date is in module java.base of loader 'bootstrap'; java.sql.Date is in module java.sql of loader 'platform')
	at pe.edu.pucp.squirlearn.daoImpl.item.TamanoDaoImpl.incluirValorDeParametrosParaInsercion(TamanoDaoImpl.java:34)
	at pe.edu.pucp.squirlearn.daoImpl.DAOImplBase.ejecuta_DML(DAOImplBase.java:105)
	at pe.edu.pucp.squirlearn.daoImpl.DAOImplBase.insertar(DAOImplBase.java:75)
	at pe.edu.pucp.squirlearn.daoImpl.item.TamanoDaoImpl.insertar(TamanoDaoImpl.java:85)
	at pe.edu.pucp.squirlearn.daoImpl.item.TamanoDaoImpl.insertar(TamanoDaoImpl.java:11)
	at pe.edu.pucp.squirlearn.dao.item.TamanoDaoTest.insertarTamaños(TamanoDaoTest.java:34)
	at pe.edu.pucp.squirlearn.dao.item.TamanoDaoTest.testEliminar(TamanoDaoTest.java:111)
	at java.base/java.lang.reflect.Method.invoke(Method.java:565)
	at java.base/java.util.ArrayList.forEach(ArrayList.java:1604)
	at java.base/java.util.ArrayList.forEach(ArrayList.java:1604)

pe.edu.pucp.squirlearn.dao.item.TamanoDaoTest.testInsertar -- Time elapsed: 1.007 s <<< ERROR!
java.lang.ClassCastException: class java.util.Date cannot be cast to class java.sql.Date (java.util.Date is in module java.base of loader 'bootstrap'; java.sql.Date is in module java.sql of loader 'platform')
	at pe.edu.pucp.squirlearn.daoImpl.item.TamanoDaoImpl.incluirValorDeParametrosParaInsercion(TamanoDaoImpl.java:34)
	at pe.edu.pucp.squirlearn.daoImpl.DAOImplBase.ejecuta_DML(DAOImplBase.java:105)
	at pe.edu.pucp.squirlearn.daoImpl.DAOImplBase.insertar(DAOImplBase.java:75)
	at pe.edu.pucp.squirlearn.daoImpl.item.TamanoDaoImpl.insertar(TamanoDaoImpl.java:85)
	at pe.edu.pucp.squirlearn.daoImpl.item.TamanoDaoImpl.insertar(TamanoDaoImpl.java:11)
	at pe.edu.pucp.squirlearn.dao.item.TamanoDaoTest.insertarTamaños(TamanoDaoTest.java:34)
	at pe.edu.pucp.squirlearn.dao.item.TamanoDaoTest.testInsertar(TamanoDaoTest.java:22)
	at java.base/java.lang.reflect.Method.invoke(Method.java:565)
	at java.base/java.util.ArrayList.forEach(ArrayList.java:1604)
	at java.base/java.util.ArrayList.forEach(ArrayList.java:1604)

pe.edu.pucp.squirlearn.dao.item.TamanoDaoTest.testListarTodos -- Time elapsed: 1.011 s <<< ERROR!
java.lang.ClassCastException: class java.util.Date cannot be cast to class java.sql.Date (java.util.Date is in module java.base of loader 'bootstrap'; java.sql.Date is in module java.sql of loader 'platform')
	at pe.edu.pucp.squirlearn.daoImpl.item.TamanoDaoImpl.incluirValorDeParametrosParaInsercion(TamanoDaoImpl.java:34)
	at pe.edu.pucp.squirlearn.daoImpl.DAOImplBase.ejecuta_DML(DAOImplBase.java:105)
	at pe.edu.pucp.squirlearn.daoImpl.DAOImplBase.insertar(DAOImplBase.java:75)
	at pe.edu.pucp.squirlearn.daoImpl.item.TamanoDaoImpl.insertar(TamanoDaoImpl.java:85)
	at pe.edu.pucp.squirlearn.daoImpl.item.TamanoDaoImpl.insertar(TamanoDaoImpl.java:11)
	at pe.edu.pucp.squirlearn.dao.item.TamanoDaoTest.insertarTamaños(TamanoDaoTest.java:34)
	at pe.edu.pucp.squirlearn.dao.item.TamanoDaoTest.testListarTodos(TamanoDaoTest.java:79)
	at java.base/java.lang.reflect.Method.invoke(Method.java:565)
	at java.base/java.util.ArrayList.forEach(ArrayList.java:1604)
	at java.base/java.util.ArrayList.forEach(ArrayList.java:1604)

