-------------------------------------------------------------------------------
Test set: pe.edu.pucp.squirlearn.dao.item.ItemDaoTest
-------------------------------------------------------------------------------
Tests run: 5, Failures: 0, Errors: 5, Skipped: 0, Time elapsed: 5.023 s <<< FAILURE! -- in pe.edu.pucp.squirlearn.dao.item.ItemDaoTest
pe.edu.pucp.squirlearn.dao.item.ItemDaoTest.testModificar -- Time elapsed: 1.005 s <<< ERROR!
java.lang.NullPointerException: Cannot invoke "pe.edu.pucp.squirlearn.model.item.SubcategoriaDto.getSubcategoriaId()" because the return value of "pe.edu.pucp.squirlearn.model.item.ItemDto.getSubcategoria()" is null
	at pe.edu.pucp.squirlearn.daoImpl.item.ItemDaoImpl.incluirValorDeParametrosParaInsercion(ItemDaoImpl.java:39)
	at pe.edu.pucp.squirlearn.daoImpl.DAOImplBase.ejecuta_DML(DAOImplBase.java:105)
	at pe.edu.pucp.squirlearn.daoImpl.DAOImplBase.insertar(DAOImplBase.java:75)
	at pe.edu.pucp.squirlearn.daoImpl.item.ItemDaoImpl.insertar(ItemDaoImpl.java:94)
	at pe.edu.pucp.squirlearn.daoImpl.item.ItemDaoImpl.insertar(ItemDaoImpl.java:10)
	at pe.edu.pucp.squirlearn.dao.item.ItemDaoTest.insertarItems(ItemDaoTest.java:31)
	at pe.edu.pucp.squirlearn.dao.item.ItemDaoTest.testModificar(ItemDaoTest.java:86)
	at java.base/java.lang.reflect.Method.invoke(Method.java:565)
	at java.base/java.util.ArrayList.forEach(ArrayList.java:1604)
	at java.base/java.util.ArrayList.forEach(ArrayList.java:1604)

pe.edu.pucp.squirlearn.dao.item.ItemDaoTest.testObtenerPorId -- Time elapsed: 1.003 s <<< ERROR!
java.lang.NullPointerException: Cannot invoke "pe.edu.pucp.squirlearn.model.item.SubcategoriaDto.getSubcategoriaId()" because the return value of "pe.edu.pucp.squirlearn.model.item.ItemDto.getSubcategoria()" is null
	at pe.edu.pucp.squirlearn.daoImpl.item.ItemDaoImpl.incluirValorDeParametrosParaInsercion(ItemDaoImpl.java:39)
	at pe.edu.pucp.squirlearn.daoImpl.DAOImplBase.ejecuta_DML(DAOImplBase.java:105)
	at pe.edu.pucp.squirlearn.daoImpl.DAOImplBase.insertar(DAOImplBase.java:75)
	at pe.edu.pucp.squirlearn.daoImpl.item.ItemDaoImpl.insertar(ItemDaoImpl.java:94)
	at pe.edu.pucp.squirlearn.daoImpl.item.ItemDaoImpl.insertar(ItemDaoImpl.java:10)
	at pe.edu.pucp.squirlearn.dao.item.ItemDaoTest.insertarItems(ItemDaoTest.java:31)
	at pe.edu.pucp.squirlearn.dao.item.ItemDaoTest.testObtenerPorId(ItemDaoTest.java:56)
	at java.base/java.lang.reflect.Method.invoke(Method.java:565)
	at java.base/java.util.ArrayList.forEach(ArrayList.java:1604)
	at java.base/java.util.ArrayList.forEach(ArrayList.java:1604)

pe.edu.pucp.squirlearn.dao.item.ItemDaoTest.testEliminar -- Time elapsed: 1.004 s <<< ERROR!
java.lang.NullPointerException: Cannot invoke "pe.edu.pucp.squirlearn.model.item.SubcategoriaDto.getSubcategoriaId()" because the return value of "pe.edu.pucp.squirlearn.model.item.ItemDto.getSubcategoria()" is null
	at pe.edu.pucp.squirlearn.daoImpl.item.ItemDaoImpl.incluirValorDeParametrosParaInsercion(ItemDaoImpl.java:39)
	at pe.edu.pucp.squirlearn.daoImpl.DAOImplBase.ejecuta_DML(DAOImplBase.java:105)
	at pe.edu.pucp.squirlearn.daoImpl.DAOImplBase.insertar(DAOImplBase.java:75)
	at pe.edu.pucp.squirlearn.daoImpl.item.ItemDaoImpl.insertar(ItemDaoImpl.java:94)
	at pe.edu.pucp.squirlearn.daoImpl.item.ItemDaoImpl.insertar(ItemDaoImpl.java:10)
	at pe.edu.pucp.squirlearn.dao.item.ItemDaoTest.insertarItems(ItemDaoTest.java:31)
	at pe.edu.pucp.squirlearn.dao.item.ItemDaoTest.testEliminar(ItemDaoTest.java:104)
	at java.base/java.lang.reflect.Method.invoke(Method.java:565)
	at java.base/java.util.ArrayList.forEach(ArrayList.java:1604)
	at java.base/java.util.ArrayList.forEach(ArrayList.java:1604)

pe.edu.pucp.squirlearn.dao.item.ItemDaoTest.testInsertar -- Time elapsed: 1.004 s <<< ERROR!
java.lang.NullPointerException: Cannot invoke "pe.edu.pucp.squirlearn.model.item.SubcategoriaDto.getSubcategoriaId()" because the return value of "pe.edu.pucp.squirlearn.model.item.ItemDto.getSubcategoria()" is null
	at pe.edu.pucp.squirlearn.daoImpl.item.ItemDaoImpl.incluirValorDeParametrosParaInsercion(ItemDaoImpl.java:39)
	at pe.edu.pucp.squirlearn.daoImpl.DAOImplBase.ejecuta_DML(DAOImplBase.java:105)
	at pe.edu.pucp.squirlearn.daoImpl.DAOImplBase.insertar(DAOImplBase.java:75)
	at pe.edu.pucp.squirlearn.daoImpl.item.ItemDaoImpl.insertar(ItemDaoImpl.java:94)
	at pe.edu.pucp.squirlearn.daoImpl.item.ItemDaoImpl.insertar(ItemDaoImpl.java:10)
	at pe.edu.pucp.squirlearn.dao.item.ItemDaoTest.insertarItems(ItemDaoTest.java:31)
	at pe.edu.pucp.squirlearn.dao.item.ItemDaoTest.testInsertar(ItemDaoTest.java:21)
	at java.base/java.lang.reflect.Method.invoke(Method.java:565)
	at java.base/java.util.ArrayList.forEach(ArrayList.java:1604)
	at java.base/java.util.ArrayList.forEach(ArrayList.java:1604)

pe.edu.pucp.squirlearn.dao.item.ItemDaoTest.testListarTodos -- Time elapsed: 1.004 s <<< ERROR!
java.lang.NullPointerException: Cannot invoke "pe.edu.pucp.squirlearn.model.item.SubcategoriaDto.getSubcategoriaId()" because the return value of "pe.edu.pucp.squirlearn.model.item.ItemDto.getSubcategoria()" is null
	at pe.edu.pucp.squirlearn.daoImpl.item.ItemDaoImpl.incluirValorDeParametrosParaInsercion(ItemDaoImpl.java:39)
	at pe.edu.pucp.squirlearn.daoImpl.DAOImplBase.ejecuta_DML(DAOImplBase.java:105)
	at pe.edu.pucp.squirlearn.daoImpl.DAOImplBase.insertar(DAOImplBase.java:75)
	at pe.edu.pucp.squirlearn.daoImpl.item.ItemDaoImpl.insertar(ItemDaoImpl.java:94)
	at pe.edu.pucp.squirlearn.daoImpl.item.ItemDaoImpl.insertar(ItemDaoImpl.java:10)
	at pe.edu.pucp.squirlearn.dao.item.ItemDaoTest.insertarItems(ItemDaoTest.java:31)
	at pe.edu.pucp.squirlearn.dao.item.ItemDaoTest.testListarTodos(ItemDaoTest.java:72)
	at java.base/java.lang.reflect.Method.invoke(Method.java:565)
	at java.base/java.util.ArrayList.forEach(ArrayList.java:1604)
	at java.base/java.util.ArrayList.forEach(ArrayList.java:1604)

