-------------------------------------------------------------------------------
Test set: pe.edu.pucp.squirlearn.dao.persona.EstadoPersonaDaoTest
-------------------------------------------------------------------------------
Tests run: 5, Failures: 0, Errors: 5, Skipped: 0, Time elapsed: 5.035 s <<< FAILURE! -- in pe.edu.pucp.squirlearn.dao.persona.EstadoPersonaDaoTest
pe.edu.pucp.squirlearn.dao.persona.EstadoPersonaDaoTest.testModificar -- Time elapsed: 1.005 s <<< ERROR!
java.lang.ClassCastException: class java.util.Date cannot be cast to class java.sql.Date (java.util.Date is in module java.base of loader 'bootstrap'; java.sql.Date is in module java.sql of loader 'platform')
	at pe.edu.pucp.squirlearn.daoImpl.persona.EstadoPersonaDaoImpl.incluirValorDeParametrosParaInsercion(EstadoPersonaDaoImpl.java:34)
	at pe.edu.pucp.squirlearn.daoImpl.DAOImplBase.ejecuta_DML(DAOImplBase.java:105)
	at pe.edu.pucp.squirlearn.daoImpl.DAOImplBase.insertar(DAOImplBase.java:75)
	at pe.edu.pucp.squirlearn.daoImpl.persona.EstadoPersonaDaoImpl.insertar(EstadoPersonaDaoImpl.java:85)
	at pe.edu.pucp.squirlearn.daoImpl.persona.EstadoPersonaDaoImpl.insertar(EstadoPersonaDaoImpl.java:11)
	at pe.edu.pucp.squirlearn.dao.persona.EstadoPersonaDaoTest.insertarEstadoPersonas(EstadoPersonaDaoTest.java:33)
	at pe.edu.pucp.squirlearn.dao.persona.EstadoPersonaDaoTest.testModificar(EstadoPersonaDaoTest.java:92)
	at java.base/java.lang.reflect.Method.invoke(Method.java:565)
	at java.base/java.util.ArrayList.forEach(ArrayList.java:1604)
	at java.base/java.util.ArrayList.forEach(ArrayList.java:1604)

pe.edu.pucp.squirlearn.dao.persona.EstadoPersonaDaoTest.testObtenerPorId -- Time elapsed: 1.004 s <<< ERROR!
java.lang.ClassCastException: class java.util.Date cannot be cast to class java.sql.Date (java.util.Date is in module java.base of loader 'bootstrap'; java.sql.Date is in module java.sql of loader 'platform')
	at pe.edu.pucp.squirlearn.daoImpl.persona.EstadoPersonaDaoImpl.incluirValorDeParametrosParaInsercion(EstadoPersonaDaoImpl.java:34)
	at pe.edu.pucp.squirlearn.daoImpl.DAOImplBase.ejecuta_DML(DAOImplBase.java:105)
	at pe.edu.pucp.squirlearn.daoImpl.DAOImplBase.insertar(DAOImplBase.java:75)
	at pe.edu.pucp.squirlearn.daoImpl.persona.EstadoPersonaDaoImpl.insertar(EstadoPersonaDaoImpl.java:85)
	at pe.edu.pucp.squirlearn.daoImpl.persona.EstadoPersonaDaoImpl.insertar(EstadoPersonaDaoImpl.java:11)
	at pe.edu.pucp.squirlearn.dao.persona.EstadoPersonaDaoTest.insertarEstadoPersonas(EstadoPersonaDaoTest.java:33)
	at pe.edu.pucp.squirlearn.dao.persona.EstadoPersonaDaoTest.testObtenerPorId(EstadoPersonaDaoTest.java:62)
	at java.base/java.lang.reflect.Method.invoke(Method.java:565)
	at java.base/java.util.ArrayList.forEach(ArrayList.java:1604)
	at java.base/java.util.ArrayList.forEach(ArrayList.java:1604)

pe.edu.pucp.squirlearn.dao.persona.EstadoPersonaDaoTest.testEliminar -- Time elapsed: 1.011 s <<< ERROR!
java.lang.ClassCastException: class java.util.Date cannot be cast to class java.sql.Date (java.util.Date is in module java.base of loader 'bootstrap'; java.sql.Date is in module java.sql of loader 'platform')
	at pe.edu.pucp.squirlearn.daoImpl.persona.EstadoPersonaDaoImpl.incluirValorDeParametrosParaInsercion(EstadoPersonaDaoImpl.java:34)
	at pe.edu.pucp.squirlearn.daoImpl.DAOImplBase.ejecuta_DML(DAOImplBase.java:105)
	at pe.edu.pucp.squirlearn.daoImpl.DAOImplBase.insertar(DAOImplBase.java:75)
	at pe.edu.pucp.squirlearn.daoImpl.persona.EstadoPersonaDaoImpl.insertar(EstadoPersonaDaoImpl.java:85)
	at pe.edu.pucp.squirlearn.daoImpl.persona.EstadoPersonaDaoImpl.insertar(EstadoPersonaDaoImpl.java:11)
	at pe.edu.pucp.squirlearn.dao.persona.EstadoPersonaDaoTest.insertarEstadoPersonas(EstadoPersonaDaoTest.java:33)
	at pe.edu.pucp.squirlearn.dao.persona.EstadoPersonaDaoTest.testEliminar(EstadoPersonaDaoTest.java:110)
	at java.base/java.lang.reflect.Method.invoke(Method.java:565)
	at java.base/java.util.ArrayList.forEach(ArrayList.java:1604)
	at java.base/java.util.ArrayList.forEach(ArrayList.java:1604)

pe.edu.pucp.squirlearn.dao.persona.EstadoPersonaDaoTest.testInsertar -- Time elapsed: 1.001 s <<< ERROR!
java.lang.ClassCastException: class java.util.Date cannot be cast to class java.sql.Date (java.util.Date is in module java.base of loader 'bootstrap'; java.sql.Date is in module java.sql of loader 'platform')
	at pe.edu.pucp.squirlearn.daoImpl.persona.EstadoPersonaDaoImpl.incluirValorDeParametrosParaInsercion(EstadoPersonaDaoImpl.java:34)
	at pe.edu.pucp.squirlearn.daoImpl.DAOImplBase.ejecuta_DML(DAOImplBase.java:105)
	at pe.edu.pucp.squirlearn.daoImpl.DAOImplBase.insertar(DAOImplBase.java:75)
	at pe.edu.pucp.squirlearn.daoImpl.persona.EstadoPersonaDaoImpl.insertar(EstadoPersonaDaoImpl.java:85)
	at pe.edu.pucp.squirlearn.daoImpl.persona.EstadoPersonaDaoImpl.insertar(EstadoPersonaDaoImpl.java:11)
	at pe.edu.pucp.squirlearn.dao.persona.EstadoPersonaDaoTest.insertarEstadoPersonas(EstadoPersonaDaoTest.java:33)
	at pe.edu.pucp.squirlearn.dao.persona.EstadoPersonaDaoTest.testInsertar(EstadoPersonaDaoTest.java:22)
	at java.base/java.lang.reflect.Method.invoke(Method.java:565)
	at java.base/java.util.ArrayList.forEach(ArrayList.java:1604)
	at java.base/java.util.ArrayList.forEach(ArrayList.java:1604)

pe.edu.pucp.squirlearn.dao.persona.EstadoPersonaDaoTest.testListarTodos -- Time elapsed: 1.009 s <<< ERROR!
java.lang.ClassCastException: class java.util.Date cannot be cast to class java.sql.Date (java.util.Date is in module java.base of loader 'bootstrap'; java.sql.Date is in module java.sql of loader 'platform')
	at pe.edu.pucp.squirlearn.daoImpl.persona.EstadoPersonaDaoImpl.incluirValorDeParametrosParaInsercion(EstadoPersonaDaoImpl.java:34)
	at pe.edu.pucp.squirlearn.daoImpl.DAOImplBase.ejecuta_DML(DAOImplBase.java:105)
	at pe.edu.pucp.squirlearn.daoImpl.DAOImplBase.insertar(DAOImplBase.java:75)
	at pe.edu.pucp.squirlearn.daoImpl.persona.EstadoPersonaDaoImpl.insertar(EstadoPersonaDaoImpl.java:85)
	at pe.edu.pucp.squirlearn.daoImpl.persona.EstadoPersonaDaoImpl.insertar(EstadoPersonaDaoImpl.java:11)
	at pe.edu.pucp.squirlearn.dao.persona.EstadoPersonaDaoTest.insertarEstadoPersonas(EstadoPersonaDaoTest.java:33)
	at pe.edu.pucp.squirlearn.dao.persona.EstadoPersonaDaoTest.testListarTodos(EstadoPersonaDaoTest.java:78)
	at java.base/java.lang.reflect.Method.invoke(Method.java:565)
	at java.base/java.util.ArrayList.forEach(ArrayList.java:1604)
	at java.base/java.util.ArrayList.forEach(ArrayList.java:1604)

