-------------------------------------------------------------------------------
Test set: pe.edu.pucp.squirlearn.dao.inciNoti.IncidenciaDaoTest
-------------------------------------------------------------------------------
Tests run: 5, Failures: 3, Errors: 0, Skipped: 0, Time elapsed: 0.009 s <<< FAILURE! -- in pe.edu.pucp.squirlearn.dao.inciNoti.IncidenciaDaoTest
pe.edu.pucp.squirlearn.dao.inciNoti.IncidenciaDaoTest.testModificar -- Time elapsed: 0.001 s <<< FAILURE!
org.opentest4j.AssertionFailedError: expected: <true> but was: <false>
	at org.junit.jupiter.api.AssertionFailureBuilder.build(AssertionFailureBuilder.java:151)
	at org.junit.jupiter.api.AssertionFailureBuilder.buildAndThrow(AssertionFailureBuilder.java:132)
	at org.junit.jupiter.api.AssertTrue.failNotTrue(AssertTrue.java:63)
	at org.junit.jupiter.api.AssertTrue.assertTrue(AssertTrue.java:36)
	at org.junit.jupiter.api.AssertTrue.assertTrue(AssertTrue.java:31)
	at org.junit.jupiter.api.Assertions.assertTrue(Assertions.java:183)
	at pe.edu.pucp.squirlearn.dao.inciNoti.IncidenciaDaoTest.insertarIncidencias(IncidenciaDaoTest.java:36)
	at pe.edu.pucp.squirlearn.dao.inciNoti.IncidenciaDaoTest.testModificar(IncidenciaDaoTest.java:79)
	at java.base/java.lang.reflect.Method.invoke(Method.java:565)
	at java.base/java.util.ArrayList.forEach(ArrayList.java:1604)
	at java.base/java.util.ArrayList.forEach(ArrayList.java:1604)

pe.edu.pucp.squirlearn.dao.inciNoti.IncidenciaDaoTest.testEliminar -- Time elapsed: 0.002 s <<< FAILURE!
org.opentest4j.AssertionFailedError: expected: <true> but was: <false>
	at org.junit.jupiter.api.AssertionFailureBuilder.build(AssertionFailureBuilder.java:151)
	at org.junit.jupiter.api.AssertionFailureBuilder.buildAndThrow(AssertionFailureBuilder.java:132)
	at org.junit.jupiter.api.AssertTrue.failNotTrue(AssertTrue.java:63)
	at org.junit.jupiter.api.AssertTrue.assertTrue(AssertTrue.java:36)
	at org.junit.jupiter.api.AssertTrue.assertTrue(AssertTrue.java:31)
	at org.junit.jupiter.api.Assertions.assertTrue(Assertions.java:183)
	at pe.edu.pucp.squirlearn.dao.inciNoti.IncidenciaDaoTest.insertarIncidencias(IncidenciaDaoTest.java:36)
	at pe.edu.pucp.squirlearn.dao.inciNoti.IncidenciaDaoTest.testEliminar(IncidenciaDaoTest.java:97)
	at java.base/java.lang.reflect.Method.invoke(Method.java:565)
	at java.base/java.util.ArrayList.forEach(ArrayList.java:1604)
	at java.base/java.util.ArrayList.forEach(ArrayList.java:1604)

pe.edu.pucp.squirlearn.dao.inciNoti.IncidenciaDaoTest.testInsertar -- Time elapsed: 0.002 s <<< FAILURE!
org.opentest4j.AssertionFailedError: expected: <true> but was: <false>
	at org.junit.jupiter.api.AssertionFailureBuilder.build(AssertionFailureBuilder.java:151)
	at org.junit.jupiter.api.AssertionFailureBuilder.buildAndThrow(AssertionFailureBuilder.java:132)
	at org.junit.jupiter.api.AssertTrue.failNotTrue(AssertTrue.java:63)
	at org.junit.jupiter.api.AssertTrue.assertTrue(AssertTrue.java:36)
	at org.junit.jupiter.api.AssertTrue.assertTrue(AssertTrue.java:31)
	at org.junit.jupiter.api.Assertions.assertTrue(Assertions.java:183)
	at pe.edu.pucp.squirlearn.dao.inciNoti.IncidenciaDaoTest.insertarIncidencias(IncidenciaDaoTest.java:36)
	at pe.edu.pucp.squirlearn.dao.inciNoti.IncidenciaDaoTest.testInsertar(IncidenciaDaoTest.java:21)
	at java.base/java.lang.reflect.Method.invoke(Method.java:565)
	at java.base/java.util.ArrayList.forEach(ArrayList.java:1604)
	at java.base/java.util.ArrayList.forEach(ArrayList.java:1604)

