-------------------------------------------------------------------------------
Test set: pe.edu.pucp.squirlearn.dao.item.EstadoItemDaoTest
-------------------------------------------------------------------------------
Tests run: 5, Failures: 0, Errors: 5, Skipped: 0, Time elapsed: 5.050 s <<< FAILURE! -- in pe.edu.pucp.squirlearn.dao.item.EstadoItemDaoTest
pe.edu.pucp.squirlearn.dao.item.EstadoItemDaoTest.testModificar -- Time elapsed: 1.014 s <<< ERROR!
java.lang.ClassCastException: class java.util.Date cannot be cast to class java.sql.Date (java.util.Date is in module java.base of loader 'bootstrap'; java.sql.Date is in module java.sql of loader 'platform')
	at pe.edu.pucp.squirlearn.daoImpl.item.EstadoItemDaoImpl.incluirValorDeParametrosParaInsercion(EstadoItemDaoImpl.java:34)
	at pe.edu.pucp.squirlearn.daoImpl.DAOImplBase.ejecuta_DML(DAOImplBase.java:105)
	at pe.edu.pucp.squirlearn.daoImpl.DAOImplBase.insertar(DAOImplBase.java:75)
	at pe.edu.pucp.squirlearn.daoImpl.item.EstadoItemDaoImpl.insertar(EstadoItemDaoImpl.java:85)
	at pe.edu.pucp.squirlearn.daoImpl.item.EstadoItemDaoImpl.insertar(EstadoItemDaoImpl.java:11)
	at pe.edu.pucp.squirlearn.dao.item.EstadoItemDaoTest.insertarEstadoItems(EstadoItemDaoTest.java:33)
	at pe.edu.pucp.squirlearn.dao.item.EstadoItemDaoTest.testModificar(EstadoItemDaoTest.java:92)
	at java.base/java.lang.reflect.Method.invoke(Method.java:565)
	at java.base/java.util.ArrayList.forEach(ArrayList.java:1604)
	at java.base/java.util.ArrayList.forEach(ArrayList.java:1604)

pe.edu.pucp.squirlearn.dao.item.EstadoItemDaoTest.testObtenerPorId -- Time elapsed: 1.005 s <<< ERROR!
java.lang.ClassCastException: class java.util.Date cannot be cast to class java.sql.Date (java.util.Date is in module java.base of loader 'bootstrap'; java.sql.Date is in module java.sql of loader 'platform')
	at pe.edu.pucp.squirlearn.daoImpl.item.EstadoItemDaoImpl.incluirValorDeParametrosParaInsercion(EstadoItemDaoImpl.java:34)
	at pe.edu.pucp.squirlearn.daoImpl.DAOImplBase.ejecuta_DML(DAOImplBase.java:105)
	at pe.edu.pucp.squirlearn.daoImpl.DAOImplBase.insertar(DAOImplBase.java:75)
	at pe.edu.pucp.squirlearn.daoImpl.item.EstadoItemDaoImpl.insertar(EstadoItemDaoImpl.java:85)
	at pe.edu.pucp.squirlearn.daoImpl.item.EstadoItemDaoImpl.insertar(EstadoItemDaoImpl.java:11)
	at pe.edu.pucp.squirlearn.dao.item.EstadoItemDaoTest.insertarEstadoItems(EstadoItemDaoTest.java:33)
	at pe.edu.pucp.squirlearn.dao.item.EstadoItemDaoTest.testObtenerPorId(EstadoItemDaoTest.java:62)
	at java.base/java.lang.reflect.Method.invoke(Method.java:565)
	at java.base/java.util.ArrayList.forEach(ArrayList.java:1604)
	at java.base/java.util.ArrayList.forEach(ArrayList.java:1604)

pe.edu.pucp.squirlearn.dao.item.EstadoItemDaoTest.testEliminar -- Time elapsed: 1.021 s <<< ERROR!
java.lang.ClassCastException: class java.util.Date cannot be cast to class java.sql.Date (java.util.Date is in module java.base of loader 'bootstrap'; java.sql.Date is in module java.sql of loader 'platform')
	at pe.edu.pucp.squirlearn.daoImpl.item.EstadoItemDaoImpl.incluirValorDeParametrosParaInsercion(EstadoItemDaoImpl.java:34)
	at pe.edu.pucp.squirlearn.daoImpl.DAOImplBase.ejecuta_DML(DAOImplBase.java:105)
	at pe.edu.pucp.squirlearn.daoImpl.DAOImplBase.insertar(DAOImplBase.java:75)
	at pe.edu.pucp.squirlearn.daoImpl.item.EstadoItemDaoImpl.insertar(EstadoItemDaoImpl.java:85)
	at pe.edu.pucp.squirlearn.daoImpl.item.EstadoItemDaoImpl.insertar(EstadoItemDaoImpl.java:11)
	at pe.edu.pucp.squirlearn.dao.item.EstadoItemDaoTest.insertarEstadoItems(EstadoItemDaoTest.java:33)
	at pe.edu.pucp.squirlearn.dao.item.EstadoItemDaoTest.testEliminar(EstadoItemDaoTest.java:110)
	at java.base/java.lang.reflect.Method.invoke(Method.java:565)
	at java.base/java.util.ArrayList.forEach(ArrayList.java:1604)
	at java.base/java.util.ArrayList.forEach(ArrayList.java:1604)

pe.edu.pucp.squirlearn.dao.item.EstadoItemDaoTest.testInsertar -- Time elapsed: 1.004 s <<< ERROR!
java.lang.ClassCastException: class java.util.Date cannot be cast to class java.sql.Date (java.util.Date is in module java.base of loader 'bootstrap'; java.sql.Date is in module java.sql of loader 'platform')
	at pe.edu.pucp.squirlearn.daoImpl.item.EstadoItemDaoImpl.incluirValorDeParametrosParaInsercion(EstadoItemDaoImpl.java:34)
	at pe.edu.pucp.squirlearn.daoImpl.DAOImplBase.ejecuta_DML(DAOImplBase.java:105)
	at pe.edu.pucp.squirlearn.daoImpl.DAOImplBase.insertar(DAOImplBase.java:75)
	at pe.edu.pucp.squirlearn.daoImpl.item.EstadoItemDaoImpl.insertar(EstadoItemDaoImpl.java:85)
	at pe.edu.pucp.squirlearn.daoImpl.item.EstadoItemDaoImpl.insertar(EstadoItemDaoImpl.java:11)
	at pe.edu.pucp.squirlearn.dao.item.EstadoItemDaoTest.insertarEstadoItems(EstadoItemDaoTest.java:33)
	at pe.edu.pucp.squirlearn.dao.item.EstadoItemDaoTest.testInsertar(EstadoItemDaoTest.java:22)
	at java.base/java.lang.reflect.Method.invoke(Method.java:565)
	at java.base/java.util.ArrayList.forEach(ArrayList.java:1604)
	at java.base/java.util.ArrayList.forEach(ArrayList.java:1604)

pe.edu.pucp.squirlearn.dao.item.EstadoItemDaoTest.testListarTodos -- Time elapsed: 1.002 s <<< ERROR!
java.lang.ClassCastException: class java.util.Date cannot be cast to class java.sql.Date (java.util.Date is in module java.base of loader 'bootstrap'; java.sql.Date is in module java.sql of loader 'platform')
	at pe.edu.pucp.squirlearn.daoImpl.item.EstadoItemDaoImpl.incluirValorDeParametrosParaInsercion(EstadoItemDaoImpl.java:34)
	at pe.edu.pucp.squirlearn.daoImpl.DAOImplBase.ejecuta_DML(DAOImplBase.java:105)
	at pe.edu.pucp.squirlearn.daoImpl.DAOImplBase.insertar(DAOImplBase.java:75)
	at pe.edu.pucp.squirlearn.daoImpl.item.EstadoItemDaoImpl.insertar(EstadoItemDaoImpl.java:85)
	at pe.edu.pucp.squirlearn.daoImpl.item.EstadoItemDaoImpl.insertar(EstadoItemDaoImpl.java:11)
	at pe.edu.pucp.squirlearn.dao.item.EstadoItemDaoTest.insertarEstadoItems(EstadoItemDaoTest.java:33)
	at pe.edu.pucp.squirlearn.dao.item.EstadoItemDaoTest.testListarTodos(EstadoItemDaoTest.java:78)
	at java.base/java.lang.reflect.Method.invoke(Method.java:565)
	at java.base/java.util.ArrayList.forEach(ArrayList.java:1604)
	at java.base/java.util.ArrayList.forEach(ArrayList.java:1604)

