-------------------------------------------------------------------------------
Test set: pe.edu.pucp.squirlearn.dao.item.SubcategoriaDaoTest
-------------------------------------------------------------------------------
Tests run: 5, Failures: 0, Errors: 5, Skipped: 0, Time elapsed: 5.027 s <<< FAILURE! -- in pe.edu.pucp.squirlearn.dao.item.SubcategoriaDaoTest
pe.edu.pucp.squirlearn.dao.item.SubcategoriaDaoTest.testModificar -- Time elapsed: 1.004 s <<< ERROR!
java.lang.NullPointerException: Cannot invoke "pe.edu.pucp.squirlearn.model.item.CategoriaDto.getCategoriaId()" because the return value of "pe.edu.pucp.squirlearn.model.item.SubcategoriaDto.getCategoria()" is null
	at pe.edu.pucp.squirlearn.daoImpl.item.SubcategoriaDaoImpl.incluirValorDeParametrosParaInsercion(SubcategoriaDaoImpl.java:35)
	at pe.edu.pucp.squirlearn.daoImpl.DAOImplBase.ejecuta_DML(DAOImplBase.java:105)
	at pe.edu.pucp.squirlearn.daoImpl.DAOImplBase.insertar(DAOImplBase.java:75)
	at pe.edu.pucp.squirlearn.daoImpl.item.SubcategoriaDaoImpl.insertar(SubcategoriaDaoImpl.java:88)
	at pe.edu.pucp.squirlearn.daoImpl.item.SubcategoriaDaoImpl.insertar(SubcategoriaDaoImpl.java:11)
	at pe.edu.pucp.squirlearn.dao.item.SubcategoriaDaoTest.insertarSubcategorias(SubcategoriaDaoTest.java:34)
	at pe.edu.pucp.squirlearn.dao.item.SubcategoriaDaoTest.testModificar(SubcategoriaDaoTest.java:93)
	at java.base/java.lang.reflect.Method.invoke(Method.java:565)
	at java.base/java.util.ArrayList.forEach(ArrayList.java:1604)
	at java.base/java.util.ArrayList.forEach(ArrayList.java:1604)

pe.edu.pucp.squirlearn.dao.item.SubcategoriaDaoTest.testObtenerPorId -- Time elapsed: 1.000 s <<< ERROR!
java.lang.NullPointerException: Cannot invoke "pe.edu.pucp.squirlearn.model.item.CategoriaDto.getCategoriaId()" because the return value of "pe.edu.pucp.squirlearn.model.item.SubcategoriaDto.getCategoria()" is null
	at pe.edu.pucp.squirlearn.daoImpl.item.SubcategoriaDaoImpl.incluirValorDeParametrosParaInsercion(SubcategoriaDaoImpl.java:35)
	at pe.edu.pucp.squirlearn.daoImpl.DAOImplBase.ejecuta_DML(DAOImplBase.java:105)
	at pe.edu.pucp.squirlearn.daoImpl.DAOImplBase.insertar(DAOImplBase.java:75)
	at pe.edu.pucp.squirlearn.daoImpl.item.SubcategoriaDaoImpl.insertar(SubcategoriaDaoImpl.java:88)
	at pe.edu.pucp.squirlearn.daoImpl.item.SubcategoriaDaoImpl.insertar(SubcategoriaDaoImpl.java:11)
	at pe.edu.pucp.squirlearn.dao.item.SubcategoriaDaoTest.insertarSubcategorias(SubcategoriaDaoTest.java:34)
	at pe.edu.pucp.squirlearn.dao.item.SubcategoriaDaoTest.testObtenerPorId(SubcategoriaDaoTest.java:63)
	at java.base/java.lang.reflect.Method.invoke(Method.java:565)
	at java.base/java.util.ArrayList.forEach(ArrayList.java:1604)
	at java.base/java.util.ArrayList.forEach(ArrayList.java:1604)

pe.edu.pucp.squirlearn.dao.item.SubcategoriaDaoTest.testEliminar -- Time elapsed: 1.005 s <<< ERROR!
java.lang.NullPointerException: Cannot invoke "pe.edu.pucp.squirlearn.model.item.CategoriaDto.getCategoriaId()" because the return value of "pe.edu.pucp.squirlearn.model.item.SubcategoriaDto.getCategoria()" is null
	at pe.edu.pucp.squirlearn.daoImpl.item.SubcategoriaDaoImpl.incluirValorDeParametrosParaInsercion(SubcategoriaDaoImpl.java:35)
	at pe.edu.pucp.squirlearn.daoImpl.DAOImplBase.ejecuta_DML(DAOImplBase.java:105)
	at pe.edu.pucp.squirlearn.daoImpl.DAOImplBase.insertar(DAOImplBase.java:75)
	at pe.edu.pucp.squirlearn.daoImpl.item.SubcategoriaDaoImpl.insertar(SubcategoriaDaoImpl.java:88)
	at pe.edu.pucp.squirlearn.daoImpl.item.SubcategoriaDaoImpl.insertar(SubcategoriaDaoImpl.java:11)
	at pe.edu.pucp.squirlearn.dao.item.SubcategoriaDaoTest.insertarSubcategorias(SubcategoriaDaoTest.java:34)
	at pe.edu.pucp.squirlearn.dao.item.SubcategoriaDaoTest.testEliminar(SubcategoriaDaoTest.java:111)
	at java.base/java.lang.reflect.Method.invoke(Method.java:565)
	at java.base/java.util.ArrayList.forEach(ArrayList.java:1604)
	at java.base/java.util.ArrayList.forEach(ArrayList.java:1604)

pe.edu.pucp.squirlearn.dao.item.SubcategoriaDaoTest.testInsertar -- Time elapsed: 1.008 s <<< ERROR!
java.lang.NullPointerException: Cannot invoke "pe.edu.pucp.squirlearn.model.item.CategoriaDto.getCategoriaId()" because the return value of "pe.edu.pucp.squirlearn.model.item.SubcategoriaDto.getCategoria()" is null
	at pe.edu.pucp.squirlearn.daoImpl.item.SubcategoriaDaoImpl.incluirValorDeParametrosParaInsercion(SubcategoriaDaoImpl.java:35)
	at pe.edu.pucp.squirlearn.daoImpl.DAOImplBase.ejecuta_DML(DAOImplBase.java:105)
	at pe.edu.pucp.squirlearn.daoImpl.DAOImplBase.insertar(DAOImplBase.java:75)
	at pe.edu.pucp.squirlearn.daoImpl.item.SubcategoriaDaoImpl.insertar(SubcategoriaDaoImpl.java:88)
	at pe.edu.pucp.squirlearn.daoImpl.item.SubcategoriaDaoImpl.insertar(SubcategoriaDaoImpl.java:11)
	at pe.edu.pucp.squirlearn.dao.item.SubcategoriaDaoTest.insertarSubcategorias(SubcategoriaDaoTest.java:34)
	at pe.edu.pucp.squirlearn.dao.item.SubcategoriaDaoTest.testInsertar(SubcategoriaDaoTest.java:22)
	at java.base/java.lang.reflect.Method.invoke(Method.java:565)
	at java.base/java.util.ArrayList.forEach(ArrayList.java:1604)
	at java.base/java.util.ArrayList.forEach(ArrayList.java:1604)

pe.edu.pucp.squirlearn.dao.item.SubcategoriaDaoTest.testListarTodos -- Time elapsed: 1.006 s <<< ERROR!
java.lang.NullPointerException: Cannot invoke "pe.edu.pucp.squirlearn.model.item.CategoriaDto.getCategoriaId()" because the return value of "pe.edu.pucp.squirlearn.model.item.SubcategoriaDto.getCategoria()" is null
	at pe.edu.pucp.squirlearn.daoImpl.item.SubcategoriaDaoImpl.incluirValorDeParametrosParaInsercion(SubcategoriaDaoImpl.java:35)
	at pe.edu.pucp.squirlearn.daoImpl.DAOImplBase.ejecuta_DML(DAOImplBase.java:105)
	at pe.edu.pucp.squirlearn.daoImpl.DAOImplBase.insertar(DAOImplBase.java:75)
	at pe.edu.pucp.squirlearn.daoImpl.item.SubcategoriaDaoImpl.insertar(SubcategoriaDaoImpl.java:88)
	at pe.edu.pucp.squirlearn.daoImpl.item.SubcategoriaDaoImpl.insertar(SubcategoriaDaoImpl.java:11)
	at pe.edu.pucp.squirlearn.dao.item.SubcategoriaDaoTest.insertarSubcategorias(SubcategoriaDaoTest.java:34)
	at pe.edu.pucp.squirlearn.dao.item.SubcategoriaDaoTest.testListarTodos(SubcategoriaDaoTest.java:79)
	at java.base/java.lang.reflect.Method.invoke(Method.java:565)
	at java.base/java.util.ArrayList.forEach(ArrayList.java:1604)
	at java.base/java.util.ArrayList.forEach(ArrayList.java:1604)

