-------------------------------------------------------------------------------
Test set: pe.edu.pucp.squirlearn.dao.item.FormatoDaoTest
-------------------------------------------------------------------------------
Tests run: 5, Failures: 0, Errors: 5, Skipped: 0, Time elapsed: 5.190 s <<< FAILURE! -- in pe.edu.pucp.squirlearn.dao.item.FormatoDaoTest
pe.edu.pucp.squirlearn.dao.item.FormatoDaoTest.testModificar -- Time elapsed: 1.008 s <<< ERROR!
java.lang.ClassCastException: class java.util.Date cannot be cast to class java.sql.Date (java.util.Date is in module java.base of loader 'bootstrap'; java.sql.Date is in module java.sql of loader 'platform')
	at pe.edu.pucp.squirlearn.daoImpl.item.FormatoDaoImpl.incluirValorDeParametrosParaInsercion(FormatoDaoImpl.java:34)
	at pe.edu.pucp.squirlearn.daoImpl.DAOImplBase.ejecuta_DML(DAOImplBase.java:105)
	at pe.edu.pucp.squirlearn.daoImpl.DAOImplBase.insertar(DAOImplBase.java:75)
	at pe.edu.pucp.squirlearn.daoImpl.item.FormatoDaoImpl.insertar(FormatoDaoImpl.java:85)
	at pe.edu.pucp.squirlearn.daoImpl.item.FormatoDaoImpl.insertar(FormatoDaoImpl.java:11)
	at pe.edu.pucp.squirlearn.dao.item.FormatoDaoTest.insertarFormatos(FormatoDaoTest.java:33)
	at pe.edu.pucp.squirlearn.dao.item.FormatoDaoTest.testModificar(FormatoDaoTest.java:92)
	at java.base/java.lang.reflect.Method.invoke(Method.java:565)
	at java.base/java.util.ArrayList.forEach(ArrayList.java:1604)
	at java.base/java.util.ArrayList.forEach(ArrayList.java:1604)

pe.edu.pucp.squirlearn.dao.item.FormatoDaoTest.testObtenerPorId -- Time elapsed: 1.002 s <<< ERROR!
java.lang.ClassCastException: class java.util.Date cannot be cast to class java.sql.Date (java.util.Date is in module java.base of loader 'bootstrap'; java.sql.Date is in module java.sql of loader 'platform')
	at pe.edu.pucp.squirlearn.daoImpl.item.FormatoDaoImpl.incluirValorDeParametrosParaInsercion(FormatoDaoImpl.java:34)
	at pe.edu.pucp.squirlearn.daoImpl.DAOImplBase.ejecuta_DML(DAOImplBase.java:105)
	at pe.edu.pucp.squirlearn.daoImpl.DAOImplBase.insertar(DAOImplBase.java:75)
	at pe.edu.pucp.squirlearn.daoImpl.item.FormatoDaoImpl.insertar(FormatoDaoImpl.java:85)
	at pe.edu.pucp.squirlearn.daoImpl.item.FormatoDaoImpl.insertar(FormatoDaoImpl.java:11)
	at pe.edu.pucp.squirlearn.dao.item.FormatoDaoTest.insertarFormatos(FormatoDaoTest.java:33)
	at pe.edu.pucp.squirlearn.dao.item.FormatoDaoTest.testObtenerPorId(FormatoDaoTest.java:62)
	at java.base/java.lang.reflect.Method.invoke(Method.java:565)
	at java.base/java.util.ArrayList.forEach(ArrayList.java:1604)
	at java.base/java.util.ArrayList.forEach(ArrayList.java:1604)

pe.edu.pucp.squirlearn.dao.item.FormatoDaoTest.testEliminar -- Time elapsed: 1.008 s <<< ERROR!
java.lang.ClassCastException: class java.util.Date cannot be cast to class java.sql.Date (java.util.Date is in module java.base of loader 'bootstrap'; java.sql.Date is in module java.sql of loader 'platform')
	at pe.edu.pucp.squirlearn.daoImpl.item.FormatoDaoImpl.incluirValorDeParametrosParaInsercion(FormatoDaoImpl.java:34)
	at pe.edu.pucp.squirlearn.daoImpl.DAOImplBase.ejecuta_DML(DAOImplBase.java:105)
	at pe.edu.pucp.squirlearn.daoImpl.DAOImplBase.insertar(DAOImplBase.java:75)
	at pe.edu.pucp.squirlearn.daoImpl.item.FormatoDaoImpl.insertar(FormatoDaoImpl.java:85)
	at pe.edu.pucp.squirlearn.daoImpl.item.FormatoDaoImpl.insertar(FormatoDaoImpl.java:11)
	at pe.edu.pucp.squirlearn.dao.item.FormatoDaoTest.insertarFormatos(FormatoDaoTest.java:33)
	at pe.edu.pucp.squirlearn.dao.item.FormatoDaoTest.testEliminar(FormatoDaoTest.java:110)
	at java.base/java.lang.reflect.Method.invoke(Method.java:565)
	at java.base/java.util.ArrayList.forEach(ArrayList.java:1604)
	at java.base/java.util.ArrayList.forEach(ArrayList.java:1604)

pe.edu.pucp.squirlearn.dao.item.FormatoDaoTest.testInsertar -- Time elapsed: 1.160 s <<< ERROR!
java.lang.ClassCastException: class java.util.Date cannot be cast to class java.sql.Date (java.util.Date is in module java.base of loader 'bootstrap'; java.sql.Date is in module java.sql of loader 'platform')
	at pe.edu.pucp.squirlearn.daoImpl.item.FormatoDaoImpl.incluirValorDeParametrosParaInsercion(FormatoDaoImpl.java:34)
	at pe.edu.pucp.squirlearn.daoImpl.DAOImplBase.ejecuta_DML(DAOImplBase.java:105)
	at pe.edu.pucp.squirlearn.daoImpl.DAOImplBase.insertar(DAOImplBase.java:75)
	at pe.edu.pucp.squirlearn.daoImpl.item.FormatoDaoImpl.insertar(FormatoDaoImpl.java:85)
	at pe.edu.pucp.squirlearn.daoImpl.item.FormatoDaoImpl.insertar(FormatoDaoImpl.java:11)
	at pe.edu.pucp.squirlearn.dao.item.FormatoDaoTest.insertarFormatos(FormatoDaoTest.java:33)
	at pe.edu.pucp.squirlearn.dao.item.FormatoDaoTest.testInsertar(FormatoDaoTest.java:22)
	at java.base/java.lang.reflect.Method.invoke(Method.java:565)
	at java.base/java.util.ArrayList.forEach(ArrayList.java:1604)
	at java.base/java.util.ArrayList.forEach(ArrayList.java:1604)

pe.edu.pucp.squirlearn.dao.item.FormatoDaoTest.testListarTodos -- Time elapsed: 1.006 s <<< ERROR!
java.lang.ClassCastException: class java.util.Date cannot be cast to class java.sql.Date (java.util.Date is in module java.base of loader 'bootstrap'; java.sql.Date is in module java.sql of loader 'platform')
	at pe.edu.pucp.squirlearn.daoImpl.item.FormatoDaoImpl.incluirValorDeParametrosParaInsercion(FormatoDaoImpl.java:34)
	at pe.edu.pucp.squirlearn.daoImpl.DAOImplBase.ejecuta_DML(DAOImplBase.java:105)
	at pe.edu.pucp.squirlearn.daoImpl.DAOImplBase.insertar(DAOImplBase.java:75)
	at pe.edu.pucp.squirlearn.daoImpl.item.FormatoDaoImpl.insertar(FormatoDaoImpl.java:85)
	at pe.edu.pucp.squirlearn.daoImpl.item.FormatoDaoImpl.insertar(FormatoDaoImpl.java:11)
	at pe.edu.pucp.squirlearn.dao.item.FormatoDaoTest.insertarFormatos(FormatoDaoTest.java:33)
	at pe.edu.pucp.squirlearn.dao.item.FormatoDaoTest.testListarTodos(FormatoDaoTest.java:78)
	at java.base/java.lang.reflect.Method.invoke(Method.java:565)
	at java.base/java.util.ArrayList.forEach(ArrayList.java:1604)
	at java.base/java.util.ArrayList.forEach(ArrayList.java:1604)

