-------------------------------------------------------------------------------
Test set: pe.edu.pucp.squirlearn.dao.chat.MensajeDaoTest
-------------------------------------------------------------------------------
Tests run: 5, Failures: 0, Errors: 5, Skipped: 0, Time elapsed: 5.044 s <<< FAILURE! -- in pe.edu.pucp.squirlearn.dao.chat.MensajeDaoTest
pe.edu.pucp.squirlearn.dao.chat.MensajeDaoTest.testModificar -- Time elapsed: 1.008 s <<< ERROR!
java.lang.NullPointerException: Cannot invoke "pe.edu.pucp.squirlearn.model.chat.ChatDto.getChatId()" because the return value of "pe.edu.pucp.squirlearn.model.chat.MensajeDto.getChat()" is null
	at pe.edu.pucp.squirlearn.daoImpl.chat.MensajeDaoImpl.incluirValorDeParametrosParaInsercion(MensajeDaoImpl.java:34)
	at pe.edu.pucp.squirlearn.daoImpl.DAOImplBase.ejecuta_DML(DAOImplBase.java:105)
	at pe.edu.pucp.squirlearn.daoImpl.DAOImplBase.insertar(DAOImplBase.java:75)
	at pe.edu.pucp.squirlearn.daoImpl.chat.MensajeDaoImpl.insertar(MensajeDaoImpl.java:86)
	at pe.edu.pucp.squirlearn.daoImpl.chat.MensajeDaoImpl.insertar(MensajeDaoImpl.java:11)
	at pe.edu.pucp.squirlearn.dao.chat.MensajeDaoTest.insertarMensajes(MensajeDaoTest.java:31)
	at pe.edu.pucp.squirlearn.dao.chat.MensajeDaoTest.testModificar(MensajeDaoTest.java:86)
	at java.base/java.lang.reflect.Method.invoke(Method.java:565)
	at java.base/java.util.ArrayList.forEach(ArrayList.java:1604)
	at java.base/java.util.ArrayList.forEach(ArrayList.java:1604)

pe.edu.pucp.squirlearn.dao.chat.MensajeDaoTest.testObtenerPorId -- Time elapsed: 1.006 s <<< ERROR!
java.lang.NullPointerException: Cannot invoke "pe.edu.pucp.squirlearn.model.chat.ChatDto.getChatId()" because the return value of "pe.edu.pucp.squirlearn.model.chat.MensajeDto.getChat()" is null
	at pe.edu.pucp.squirlearn.daoImpl.chat.MensajeDaoImpl.incluirValorDeParametrosParaInsercion(MensajeDaoImpl.java:34)
	at pe.edu.pucp.squirlearn.daoImpl.DAOImplBase.ejecuta_DML(DAOImplBase.java:105)
	at pe.edu.pucp.squirlearn.daoImpl.DAOImplBase.insertar(DAOImplBase.java:75)
	at pe.edu.pucp.squirlearn.daoImpl.chat.MensajeDaoImpl.insertar(MensajeDaoImpl.java:86)
	at pe.edu.pucp.squirlearn.daoImpl.chat.MensajeDaoImpl.insertar(MensajeDaoImpl.java:11)
	at pe.edu.pucp.squirlearn.dao.chat.MensajeDaoTest.insertarMensajes(MensajeDaoTest.java:31)
	at pe.edu.pucp.squirlearn.dao.chat.MensajeDaoTest.testObtenerPorId(MensajeDaoTest.java:56)
	at java.base/java.lang.reflect.Method.invoke(Method.java:565)
	at java.base/java.util.ArrayList.forEach(ArrayList.java:1604)
	at java.base/java.util.ArrayList.forEach(ArrayList.java:1604)

pe.edu.pucp.squirlearn.dao.chat.MensajeDaoTest.testEliminar -- Time elapsed: 1.007 s <<< ERROR!
java.lang.NullPointerException: Cannot invoke "pe.edu.pucp.squirlearn.model.chat.ChatDto.getChatId()" because the return value of "pe.edu.pucp.squirlearn.model.chat.MensajeDto.getChat()" is null
	at pe.edu.pucp.squirlearn.daoImpl.chat.MensajeDaoImpl.incluirValorDeParametrosParaInsercion(MensajeDaoImpl.java:34)
	at pe.edu.pucp.squirlearn.daoImpl.DAOImplBase.ejecuta_DML(DAOImplBase.java:105)
	at pe.edu.pucp.squirlearn.daoImpl.DAOImplBase.insertar(DAOImplBase.java:75)
	at pe.edu.pucp.squirlearn.daoImpl.chat.MensajeDaoImpl.insertar(MensajeDaoImpl.java:86)
	at pe.edu.pucp.squirlearn.daoImpl.chat.MensajeDaoImpl.insertar(MensajeDaoImpl.java:11)
	at pe.edu.pucp.squirlearn.dao.chat.MensajeDaoTest.insertarMensajes(MensajeDaoTest.java:31)
	at pe.edu.pucp.squirlearn.dao.chat.MensajeDaoTest.testEliminar(MensajeDaoTest.java:104)
	at java.base/java.lang.reflect.Method.invoke(Method.java:565)
	at java.base/java.util.ArrayList.forEach(ArrayList.java:1604)
	at java.base/java.util.ArrayList.forEach(ArrayList.java:1604)

pe.edu.pucp.squirlearn.dao.chat.MensajeDaoTest.testInsertar -- Time elapsed: 1.005 s <<< ERROR!
java.lang.NullPointerException: Cannot invoke "pe.edu.pucp.squirlearn.model.chat.ChatDto.getChatId()" because the return value of "pe.edu.pucp.squirlearn.model.chat.MensajeDto.getChat()" is null
	at pe.edu.pucp.squirlearn.daoImpl.chat.MensajeDaoImpl.incluirValorDeParametrosParaInsercion(MensajeDaoImpl.java:34)
	at pe.edu.pucp.squirlearn.daoImpl.DAOImplBase.ejecuta_DML(DAOImplBase.java:105)
	at pe.edu.pucp.squirlearn.daoImpl.DAOImplBase.insertar(DAOImplBase.java:75)
	at pe.edu.pucp.squirlearn.daoImpl.chat.MensajeDaoImpl.insertar(MensajeDaoImpl.java:86)
	at pe.edu.pucp.squirlearn.daoImpl.chat.MensajeDaoImpl.insertar(MensajeDaoImpl.java:11)
	at pe.edu.pucp.squirlearn.dao.chat.MensajeDaoTest.insertarMensajes(MensajeDaoTest.java:31)
	at pe.edu.pucp.squirlearn.dao.chat.MensajeDaoTest.testInsertar(MensajeDaoTest.java:22)
	at java.base/java.lang.reflect.Method.invoke(Method.java:565)
	at java.base/java.util.ArrayList.forEach(ArrayList.java:1604)
	at java.base/java.util.ArrayList.forEach(ArrayList.java:1604)

pe.edu.pucp.squirlearn.dao.chat.MensajeDaoTest.testListarTodos -- Time elapsed: 1.011 s <<< ERROR!
java.lang.NullPointerException: Cannot invoke "pe.edu.pucp.squirlearn.model.chat.ChatDto.getChatId()" because the return value of "pe.edu.pucp.squirlearn.model.chat.MensajeDto.getChat()" is null
	at pe.edu.pucp.squirlearn.daoImpl.chat.MensajeDaoImpl.incluirValorDeParametrosParaInsercion(MensajeDaoImpl.java:34)
	at pe.edu.pucp.squirlearn.daoImpl.DAOImplBase.ejecuta_DML(DAOImplBase.java:105)
	at pe.edu.pucp.squirlearn.daoImpl.DAOImplBase.insertar(DAOImplBase.java:75)
	at pe.edu.pucp.squirlearn.daoImpl.chat.MensajeDaoImpl.insertar(MensajeDaoImpl.java:86)
	at pe.edu.pucp.squirlearn.daoImpl.chat.MensajeDaoImpl.insertar(MensajeDaoImpl.java:11)
	at pe.edu.pucp.squirlearn.dao.chat.MensajeDaoTest.insertarMensajes(MensajeDaoTest.java:31)
	at pe.edu.pucp.squirlearn.dao.chat.MensajeDaoTest.testListarTodos(MensajeDaoTest.java:72)
	at java.base/java.lang.reflect.Method.invoke(Method.java:565)
	at java.base/java.util.ArrayList.forEach(ArrayList.java:1604)
	at java.base/java.util.ArrayList.forEach(ArrayList.java:1604)

