-------------------------------------------------------------------------------
Test set: pe.edu.pucp.squirlearn.dao.publicacion.CalificacionDaoTest
-------------------------------------------------------------------------------
Tests run: 5, Failures: 0, Errors: 5, Skipped: 0, Time elapsed: 5.488 s <<< FAILURE! -- in pe.edu.pucp.squirlearn.dao.publicacion.CalificacionDaoTest
pe.edu.pucp.squirlearn.dao.publicacion.CalificacionDaoTest.testModificar -- Time elapsed: 1.011 s <<< ERROR!
java.lang.ClassCastException: class java.util.Date cannot be cast to class java.sql.Date (java.util.Date is in module java.base of loader 'bootstrap'; java.sql.Date is in module java.sql of loader 'platform')
	at pe.edu.pucp.squirlearn.daoImpl.publicacion.CalificacionDaoImpl.incluirValorDeParametrosParaInsercion(CalificacionDaoImpl.java:34)
	at pe.edu.pucp.squirlearn.daoImpl.DAOImplBase.ejecuta_DML(DAOImplBase.java:105)
	at pe.edu.pucp.squirlearn.daoImpl.DAOImplBase.insertar(DAOImplBase.java:75)
	at pe.edu.pucp.squirlearn.daoImpl.publicacion.CalificacionDaoImpl.insertar(CalificacionDaoImpl.java:85)
	at pe.edu.pucp.squirlearn.daoImpl.publicacion.CalificacionDaoImpl.insertar(CalificacionDaoImpl.java:11)
	at pe.edu.pucp.squirlearn.dao.publicacion.CalificacionDaoTest.insertarCalificacions(CalificacionDaoTest.java:33)
	at pe.edu.pucp.squirlearn.dao.publicacion.CalificacionDaoTest.testModificar(CalificacionDaoTest.java:92)
	at java.base/java.lang.reflect.Method.invoke(Method.java:565)
	at java.base/java.util.ArrayList.forEach(ArrayList.java:1604)
	at java.base/java.util.ArrayList.forEach(ArrayList.java:1604)

pe.edu.pucp.squirlearn.dao.publicacion.CalificacionDaoTest.testObtenerPorId -- Time elapsed: 1.003 s <<< ERROR!
java.lang.ClassCastException: class java.util.Date cannot be cast to class java.sql.Date (java.util.Date is in module java.base of loader 'bootstrap'; java.sql.Date is in module java.sql of loader 'platform')
	at pe.edu.pucp.squirlearn.daoImpl.publicacion.CalificacionDaoImpl.incluirValorDeParametrosParaInsercion(CalificacionDaoImpl.java:34)
	at pe.edu.pucp.squirlearn.daoImpl.DAOImplBase.ejecuta_DML(DAOImplBase.java:105)
	at pe.edu.pucp.squirlearn.daoImpl.DAOImplBase.insertar(DAOImplBase.java:75)
	at pe.edu.pucp.squirlearn.daoImpl.publicacion.CalificacionDaoImpl.insertar(CalificacionDaoImpl.java:85)
	at pe.edu.pucp.squirlearn.daoImpl.publicacion.CalificacionDaoImpl.insertar(CalificacionDaoImpl.java:11)
	at pe.edu.pucp.squirlearn.dao.publicacion.CalificacionDaoTest.insertarCalificacions(CalificacionDaoTest.java:33)
	at pe.edu.pucp.squirlearn.dao.publicacion.CalificacionDaoTest.testObtenerPorId(CalificacionDaoTest.java:62)
	at java.base/java.lang.reflect.Method.invoke(Method.java:565)
	at java.base/java.util.ArrayList.forEach(ArrayList.java:1604)
	at java.base/java.util.ArrayList.forEach(ArrayList.java:1604)

pe.edu.pucp.squirlearn.dao.publicacion.CalificacionDaoTest.testEliminar -- Time elapsed: 1.168 s <<< ERROR!
java.lang.ClassCastException: class java.util.Date cannot be cast to class java.sql.Date (java.util.Date is in module java.base of loader 'bootstrap'; java.sql.Date is in module java.sql of loader 'platform')
	at pe.edu.pucp.squirlearn.daoImpl.publicacion.CalificacionDaoImpl.incluirValorDeParametrosParaInsercion(CalificacionDaoImpl.java:34)
	at pe.edu.pucp.squirlearn.daoImpl.DAOImplBase.ejecuta_DML(DAOImplBase.java:105)
	at pe.edu.pucp.squirlearn.daoImpl.DAOImplBase.insertar(DAOImplBase.java:75)
	at pe.edu.pucp.squirlearn.daoImpl.publicacion.CalificacionDaoImpl.insertar(CalificacionDaoImpl.java:85)
	at pe.edu.pucp.squirlearn.daoImpl.publicacion.CalificacionDaoImpl.insertar(CalificacionDaoImpl.java:11)
	at pe.edu.pucp.squirlearn.dao.publicacion.CalificacionDaoTest.insertarCalificacions(CalificacionDaoTest.java:33)
	at pe.edu.pucp.squirlearn.dao.publicacion.CalificacionDaoTest.testEliminar(CalificacionDaoTest.java:110)
	at java.base/java.lang.reflect.Method.invoke(Method.java:565)
	at java.base/java.util.ArrayList.forEach(ArrayList.java:1604)
	at java.base/java.util.ArrayList.forEach(ArrayList.java:1604)

pe.edu.pucp.squirlearn.dao.publicacion.CalificacionDaoTest.testInsertar -- Time elapsed: 1.004 s <<< ERROR!
java.lang.ClassCastException: class java.util.Date cannot be cast to class java.sql.Date (java.util.Date is in module java.base of loader 'bootstrap'; java.sql.Date is in module java.sql of loader 'platform')
	at pe.edu.pucp.squirlearn.daoImpl.publicacion.CalificacionDaoImpl.incluirValorDeParametrosParaInsercion(CalificacionDaoImpl.java:34)
	at pe.edu.pucp.squirlearn.daoImpl.DAOImplBase.ejecuta_DML(DAOImplBase.java:105)
	at pe.edu.pucp.squirlearn.daoImpl.DAOImplBase.insertar(DAOImplBase.java:75)
	at pe.edu.pucp.squirlearn.daoImpl.publicacion.CalificacionDaoImpl.insertar(CalificacionDaoImpl.java:85)
	at pe.edu.pucp.squirlearn.daoImpl.publicacion.CalificacionDaoImpl.insertar(CalificacionDaoImpl.java:11)
	at pe.edu.pucp.squirlearn.dao.publicacion.CalificacionDaoTest.insertarCalificacions(CalificacionDaoTest.java:33)
	at pe.edu.pucp.squirlearn.dao.publicacion.CalificacionDaoTest.testInsertar(CalificacionDaoTest.java:22)
	at java.base/java.lang.reflect.Method.invoke(Method.java:565)
	at java.base/java.util.ArrayList.forEach(ArrayList.java:1604)
	at java.base/java.util.ArrayList.forEach(ArrayList.java:1604)

pe.edu.pucp.squirlearn.dao.publicacion.CalificacionDaoTest.testListarTodos -- Time elapsed: 1.296 s <<< ERROR!
java.lang.ClassCastException: class java.util.Date cannot be cast to class java.sql.Date (java.util.Date is in module java.base of loader 'bootstrap'; java.sql.Date is in module java.sql of loader 'platform')
	at pe.edu.pucp.squirlearn.daoImpl.publicacion.CalificacionDaoImpl.incluirValorDeParametrosParaInsercion(CalificacionDaoImpl.java:34)
	at pe.edu.pucp.squirlearn.daoImpl.DAOImplBase.ejecuta_DML(DAOImplBase.java:105)
	at pe.edu.pucp.squirlearn.daoImpl.DAOImplBase.insertar(DAOImplBase.java:75)
	at pe.edu.pucp.squirlearn.daoImpl.publicacion.CalificacionDaoImpl.insertar(CalificacionDaoImpl.java:85)
	at pe.edu.pucp.squirlearn.daoImpl.publicacion.CalificacionDaoImpl.insertar(CalificacionDaoImpl.java:11)
	at pe.edu.pucp.squirlearn.dao.publicacion.CalificacionDaoTest.insertarCalificacions(CalificacionDaoTest.java:33)
	at pe.edu.pucp.squirlearn.dao.publicacion.CalificacionDaoTest.testListarTodos(CalificacionDaoTest.java:78)
	at java.base/java.lang.reflect.Method.invoke(Method.java:565)
	at java.base/java.util.ArrayList.forEach(ArrayList.java:1604)
	at java.base/java.util.ArrayList.forEach(ArrayList.java:1604)

