-------------------------------------------------------------------------------
Test set: pe.edu.pucp.squirlearn.dao.chat.ChatDaoTest
-------------------------------------------------------------------------------
Tests run: 5, Failures: 0, Errors: 5, Skipped: 0, Time elapsed: 5.123 s <<< FAILURE! -- in pe.edu.pucp.squirlearn.dao.chat.ChatDaoTest
pe.edu.pucp.squirlearn.dao.chat.ChatDaoTest.testModificar -- Time elapsed: 1.043 s <<< ERROR!
java.lang.NullPointerException: Cannot invoke "pe.edu.pucp.squirlearn.model.chat.EstadoChatDto.getEstadoChatId()" because the return value of "pe.edu.pucp.squirlearn.model.chat.ChatDto.getEstadoChat()" is null
	at pe.edu.pucp.squirlearn.daoImpl.chat.ChatDaoImpl.incluirValorDeParametrosParaInsercion(ChatDaoImpl.java:33)
	at pe.edu.pucp.squirlearn.daoImpl.DAOImplBase.ejecuta_DML(DAOImplBase.java:105)
	at pe.edu.pucp.squirlearn.daoImpl.DAOImplBase.insertar(DAOImplBase.java:75)
	at pe.edu.pucp.squirlearn.daoImpl.chat.ChatDaoImpl.insertar(ChatDaoImpl.java:84)
	at pe.edu.pucp.squirlearn.daoImpl.chat.ChatDaoImpl.insertar(ChatDaoImpl.java:11)
	at pe.edu.pucp.squirlearn.dao.chat.ChatDaoTest.insertarChats(ChatDaoTest.java:31)
	at pe.edu.pucp.squirlearn.dao.chat.ChatDaoTest.testModificar(ChatDaoTest.java:88)
	at java.base/java.lang.reflect.Method.invoke(Method.java:565)
	at java.base/java.util.ArrayList.forEach(ArrayList.java:1604)
	at java.base/java.util.ArrayList.forEach(ArrayList.java:1604)

pe.edu.pucp.squirlearn.dao.chat.ChatDaoTest.testObtenerPorId -- Time elapsed: 1.028 s <<< ERROR!
java.lang.NullPointerException: Cannot invoke "pe.edu.pucp.squirlearn.model.chat.EstadoChatDto.getEstadoChatId()" because the return value of "pe.edu.pucp.squirlearn.model.chat.ChatDto.getEstadoChat()" is null
	at pe.edu.pucp.squirlearn.daoImpl.chat.ChatDaoImpl.incluirValorDeParametrosParaInsercion(ChatDaoImpl.java:33)
	at pe.edu.pucp.squirlearn.daoImpl.DAOImplBase.ejecuta_DML(DAOImplBase.java:105)
	at pe.edu.pucp.squirlearn.daoImpl.DAOImplBase.insertar(DAOImplBase.java:75)
	at pe.edu.pucp.squirlearn.daoImpl.chat.ChatDaoImpl.insertar(ChatDaoImpl.java:84)
	at pe.edu.pucp.squirlearn.daoImpl.chat.ChatDaoImpl.insertar(ChatDaoImpl.java:11)
	at pe.edu.pucp.squirlearn.dao.chat.ChatDaoTest.insertarChats(ChatDaoTest.java:31)
	at pe.edu.pucp.squirlearn.dao.chat.ChatDaoTest.testObtenerPorId(ChatDaoTest.java:58)
	at java.base/java.lang.reflect.Method.invoke(Method.java:565)
	at java.base/java.util.ArrayList.forEach(ArrayList.java:1604)
	at java.base/java.util.ArrayList.forEach(ArrayList.java:1604)

pe.edu.pucp.squirlearn.dao.chat.ChatDaoTest.testEliminar -- Time elapsed: 1.013 s <<< ERROR!
java.lang.NullPointerException: Cannot invoke "pe.edu.pucp.squirlearn.model.chat.EstadoChatDto.getEstadoChatId()" because the return value of "pe.edu.pucp.squirlearn.model.chat.ChatDto.getEstadoChat()" is null
	at pe.edu.pucp.squirlearn.daoImpl.chat.ChatDaoImpl.incluirValorDeParametrosParaInsercion(ChatDaoImpl.java:33)
	at pe.edu.pucp.squirlearn.daoImpl.DAOImplBase.ejecuta_DML(DAOImplBase.java:105)
	at pe.edu.pucp.squirlearn.daoImpl.DAOImplBase.insertar(DAOImplBase.java:75)
	at pe.edu.pucp.squirlearn.daoImpl.chat.ChatDaoImpl.insertar(ChatDaoImpl.java:84)
	at pe.edu.pucp.squirlearn.daoImpl.chat.ChatDaoImpl.insertar(ChatDaoImpl.java:11)
	at pe.edu.pucp.squirlearn.dao.chat.ChatDaoTest.insertarChats(ChatDaoTest.java:31)
	at pe.edu.pucp.squirlearn.dao.chat.ChatDaoTest.testEliminar(ChatDaoTest.java:106)
	at java.base/java.lang.reflect.Method.invoke(Method.java:565)
	at java.base/java.util.ArrayList.forEach(ArrayList.java:1604)
	at java.base/java.util.ArrayList.forEach(ArrayList.java:1604)

pe.edu.pucp.squirlearn.dao.chat.ChatDaoTest.testInsertar -- Time elapsed: 1.020 s <<< ERROR!
java.lang.NullPointerException: Cannot invoke "pe.edu.pucp.squirlearn.model.chat.EstadoChatDto.getEstadoChatId()" because the return value of "pe.edu.pucp.squirlearn.model.chat.ChatDto.getEstadoChat()" is null
	at pe.edu.pucp.squirlearn.daoImpl.chat.ChatDaoImpl.incluirValorDeParametrosParaInsercion(ChatDaoImpl.java:33)
	at pe.edu.pucp.squirlearn.daoImpl.DAOImplBase.ejecuta_DML(DAOImplBase.java:105)
	at pe.edu.pucp.squirlearn.daoImpl.DAOImplBase.insertar(DAOImplBase.java:75)
	at pe.edu.pucp.squirlearn.daoImpl.chat.ChatDaoImpl.insertar(ChatDaoImpl.java:84)
	at pe.edu.pucp.squirlearn.daoImpl.chat.ChatDaoImpl.insertar(ChatDaoImpl.java:11)
	at pe.edu.pucp.squirlearn.dao.chat.ChatDaoTest.insertarChats(ChatDaoTest.java:31)
	at pe.edu.pucp.squirlearn.dao.chat.ChatDaoTest.testInsertar(ChatDaoTest.java:21)
	at java.base/java.lang.reflect.Method.invoke(Method.java:565)
	at java.base/java.util.ArrayList.forEach(ArrayList.java:1604)
	at java.base/java.util.ArrayList.forEach(ArrayList.java:1604)

pe.edu.pucp.squirlearn.dao.chat.ChatDaoTest.testListarTodos -- Time elapsed: 1.009 s <<< ERROR!
java.lang.NullPointerException: Cannot invoke "pe.edu.pucp.squirlearn.model.chat.EstadoChatDto.getEstadoChatId()" because the return value of "pe.edu.pucp.squirlearn.model.chat.ChatDto.getEstadoChat()" is null
	at pe.edu.pucp.squirlearn.daoImpl.chat.ChatDaoImpl.incluirValorDeParametrosParaInsercion(ChatDaoImpl.java:33)
	at pe.edu.pucp.squirlearn.daoImpl.DAOImplBase.ejecuta_DML(DAOImplBase.java:105)
	at pe.edu.pucp.squirlearn.daoImpl.DAOImplBase.insertar(DAOImplBase.java:75)
	at pe.edu.pucp.squirlearn.daoImpl.chat.ChatDaoImpl.insertar(ChatDaoImpl.java:84)
	at pe.edu.pucp.squirlearn.daoImpl.chat.ChatDaoImpl.insertar(ChatDaoImpl.java:11)
	at pe.edu.pucp.squirlearn.dao.chat.ChatDaoTest.insertarChats(ChatDaoTest.java:31)
	at pe.edu.pucp.squirlearn.dao.chat.ChatDaoTest.testListarTodos(ChatDaoTest.java:74)
	at java.base/java.lang.reflect.Method.invoke(Method.java:565)
	at java.base/java.util.ArrayList.forEach(ArrayList.java:1604)
	at java.base/java.util.ArrayList.forEach(ArrayList.java:1604)

