<?xml version="1.0" encoding="UTF-8"?>
<testsuite xmlns:xsi="http://www.w3.org/2001/XMLSchema-instance" xsi:noNamespaceSchemaLocation="https://maven.apache.org/surefire/maven-surefire-plugin/xsd/surefire-test-report-3.0.xsd" version="3.0" name="pe.edu.pucp.squirlearn.dao.item.CategoriaDaoTest" time="5.081" tests="5" errors="5" skipped="0" failures="0">
  <properties>
[...]
</properties>
  <testcase name="testModificar" classname="pe.edu.pucp.squirlearn.dao.item.CategoriaDaoTest" time="1.003">
    <error message="class java.util.Date cannot be cast to class java.sql.Date (java.util.Date is in module java.base of loader &apos;bootstrap&apos;; java.sql.Date is in module java.sql of loader &apos;platform&apos;)" type="java.lang.ClassCastException"><![CDATA[java.lang.ClassCastException: class java.util.Date cannot be cast to class java.sql.Date (java.util.Date is in module java.base of loader 'bootstrap'; java.sql.Date is in module java.sql of loader 'platform')
	at pe.edu.pucp.squirlearn.daoImpl.item.CategoriaDaoImpl.incluirValorDeParametrosParaInsercion(CategoriaDaoImpl.java:34)
	at pe.edu.pucp.squirlearn.daoImpl.DAOImplBase.ejecuta_DML(DAOImplBase.java:105)
	at pe.edu.pucp.squirlearn.daoImpl.DAOImplBase.insertar(DAOImplBase.java:75)
	at pe.edu.pucp.squirlearn.daoImpl.item.CategoriaDaoImpl.insertar(CategoriaDaoImpl.java:85)
	at pe.edu.pucp.squirlearn.daoImpl.item.CategoriaDaoImpl.insertar(CategoriaDaoImpl.java:11)
	at pe.edu.pucp.squirlearn.dao.item.CategoriaDaoTest.insertarCategorias(CategoriaDaoTest.java:33)
	at pe.edu.pucp.squirlearn.dao.item.CategoriaDaoTest.testModificar(CategoriaDaoTest.java:92)
	at java.base/java.lang.reflect.Method.invoke(Method.java:565)
	at java.base/java.util.ArrayList.forEach(ArrayList.java:1604)
	at java.base/java.util.ArrayList.forEach(ArrayList.java:1604)
]]></error>
    <system-out><![CDATA[modificar
INSERT INTO categorias(NOMBRE, FECHA_CREACION, USUARIO_CREACION, FECHA_MODIFICACION, USUARIO_MODIFICACION) VALUES (?, ?, ?, ?, ?)
]]></system-out>
  </testcase>
  <testcase name="testObtenerPorId" classname="pe.edu.pucp.squirlearn.dao.item.CategoriaDaoTest" time="1.031">
    <error message="class java.util.Date cannot be cast to class java.sql.Date (java.util.Date is in module java.base of loader &apos;bootstrap&apos;; java.sql.Date is in module java.sql of loader &apos;platform&apos;)" type="java.lang.ClassCastException"><![CDATA[java.lang.ClassCastException: class java.util.Date cannot be cast to class java.sql.Date (java.util.Date is in module java.base of loader 'bootstrap'; java.sql.Date is in module java.sql of loader 'platform')
	at pe.edu.pucp.squirlearn.daoImpl.item.CategoriaDaoImpl.incluirValorDeParametrosParaInsercion(CategoriaDaoImpl.java:34)
	at pe.edu.pucp.squirlearn.daoImpl.DAOImplBase.ejecuta_DML(DAOImplBase.java:105)
	at pe.edu.pucp.squirlearn.daoImpl.DAOImplBase.insertar(DAOImplBase.java:75)
	at pe.edu.pucp.squirlearn.daoImpl.item.CategoriaDaoImpl.insertar(CategoriaDaoImpl.java:85)
	at pe.edu.pucp.squirlearn.daoImpl.item.CategoriaDaoImpl.insertar(CategoriaDaoImpl.java:11)
	at pe.edu.pucp.squirlearn.dao.item.CategoriaDaoTest.insertarCategorias(CategoriaDaoTest.java:33)
	at pe.edu.pucp.squirlearn.dao.item.CategoriaDaoTest.testObtenerPorId(CategoriaDaoTest.java:62)
	at java.base/java.lang.reflect.Method.invoke(Method.java:565)
	at java.base/java.util.ArrayList.forEach(ArrayList.java:1604)
	at java.base/java.util.ArrayList.forEach(ArrayList.java:1604)
]]></error>
    <system-out><![CDATA[obtenerPorId
INSERT INTO categorias(NOMBRE, FECHA_CREACION, USUARIO_CREACION, FECHA_MODIFICACION, USUARIO_MODIFICACION) VALUES (?, ?, ?, ?, ?)
]]></system-out>
  </testcase>
  <testcase name="testEliminar" classname="pe.edu.pucp.squirlearn.dao.item.CategoriaDaoTest" time="1.008">
    <error message="class java.util.Date cannot be cast to class java.sql.Date (java.util.Date is in module java.base of loader &apos;bootstrap&apos;; java.sql.Date is in module java.sql of loader &apos;platform&apos;)" type="java.lang.ClassCastException"><![CDATA[java.lang.ClassCastException: class java.util.Date cannot be cast to class java.sql.Date (java.util.Date is in module java.base of loader 'bootstrap'; java.sql.Date is in module java.sql of loader 'platform')
	at pe.edu.pucp.squirlearn.daoImpl.item.CategoriaDaoImpl.incluirValorDeParametrosParaInsercion(CategoriaDaoImpl.java:34)
	at pe.edu.pucp.squirlearn.daoImpl.DAOImplBase.ejecuta_DML(DAOImplBase.java:105)
	at pe.edu.pucp.squirlearn.daoImpl.DAOImplBase.insertar(DAOImplBase.java:75)
	at pe.edu.pucp.squirlearn.daoImpl.item.CategoriaDaoImpl.insertar(CategoriaDaoImpl.java:85)
	at pe.edu.pucp.squirlearn.daoImpl.item.CategoriaDaoImpl.insertar(CategoriaDaoImpl.java:11)
	at pe.edu.pucp.squirlearn.dao.item.CategoriaDaoTest.insertarCategorias(CategoriaDaoTest.java:33)
	at pe.edu.pucp.squirlearn.dao.item.CategoriaDaoTest.testEliminar(CategoriaDaoTest.java:110)
	at java.base/java.lang.reflect.Method.invoke(Method.java:565)
	at java.base/java.util.ArrayList.forEach(ArrayList.java:1604)
	at java.base/java.util.ArrayList.forEach(ArrayList.java:1604)
]]></error>
    <system-out><![CDATA[eliminar
INSERT INTO categorias(NOMBRE, FECHA_CREACION, USUARIO_CREACION, FECHA_MODIFICACION, USUARIO_MODIFICACION) VALUES (?, ?, ?, ?, ?)
]]></system-out>
  </testcase>
  <testcase name="testInsertar" classname="pe.edu.pucp.squirlearn.dao.item.CategoriaDaoTest" time="1.032">
    <error message="class java.util.Date cannot be cast to class java.sql.Date (java.util.Date is in module java.base of loader &apos;bootstrap&apos;; java.sql.Date is in module java.sql of loader &apos;platform&apos;)" type="java.lang.ClassCastException"><![CDATA[java.lang.ClassCastException: class java.util.Date cannot be cast to class java.sql.Date (java.util.Date is in module java.base of loader 'bootstrap'; java.sql.Date is in module java.sql of loader 'platform')
	at pe.edu.pucp.squirlearn.daoImpl.item.CategoriaDaoImpl.incluirValorDeParametrosParaInsercion(CategoriaDaoImpl.java:34)
	at pe.edu.pucp.squirlearn.daoImpl.DAOImplBase.ejecuta_DML(DAOImplBase.java:105)
	at pe.edu.pucp.squirlearn.daoImpl.DAOImplBase.insertar(DAOImplBase.java:75)
	at pe.edu.pucp.squirlearn.daoImpl.item.CategoriaDaoImpl.insertar(CategoriaDaoImpl.java:85)
	at pe.edu.pucp.squirlearn.daoImpl.item.CategoriaDaoImpl.insertar(CategoriaDaoImpl.java:11)
	at pe.edu.pucp.squirlearn.dao.item.CategoriaDaoTest.insertarCategorias(CategoriaDaoTest.java:33)
	at pe.edu.pucp.squirlearn.dao.item.CategoriaDaoTest.testInsertar(CategoriaDaoTest.java:22)
	at java.base/java.lang.reflect.Method.invoke(Method.java:565)
	at java.base/java.util.ArrayList.forEach(ArrayList.java:1604)
	at java.base/java.util.ArrayList.forEach(ArrayList.java:1604)
]]></error>
    <system-out><![CDATA[insertar
INSERT INTO categorias(NOMBRE, FECHA_CREACION, USUARIO_CREACION, FECHA_MODIFICACION, USUARIO_MODIFICACION) VALUES (?, ?, ?, ?, ?)
]]></system-out>
  </testcase>
  <testcase name="testListarTodos" classname="pe.edu.pucp.squirlearn.dao.item.CategoriaDaoTest" time="1.004">
    <error message="class java.util.Date cannot be cast to class java.sql.Date (java.util.Date is in module java.base of loader &apos;bootstrap&apos;; java.sql.Date is in module java.sql of loader &apos;platform&apos;)" type="java.lang.ClassCastException"><![CDATA[java.lang.ClassCastException: class java.util.Date cannot be cast to class java.sql.Date (java.util.Date is in module java.base of loader 'bootstrap'; java.sql.Date is in module java.sql of loader 'platform')
	at pe.edu.pucp.squirlearn.daoImpl.item.CategoriaDaoImpl.incluirValorDeParametrosParaInsercion(CategoriaDaoImpl.java:34)
	at pe.edu.pucp.squirlearn.daoImpl.DAOImplBase.ejecuta_DML(DAOImplBase.java:105)
	at pe.edu.pucp.squirlearn.daoImpl.DAOImplBase.insertar(DAOImplBase.java:75)
	at pe.edu.pucp.squirlearn.daoImpl.item.CategoriaDaoImpl.insertar(CategoriaDaoImpl.java:85)
	at pe.edu.pucp.squirlearn.daoImpl.item.CategoriaDaoImpl.insertar(CategoriaDaoImpl.java:11)
	at pe.edu.pucp.squirlearn.dao.item.CategoriaDaoTest.insertarCategorias(CategoriaDaoTest.java:33)
	at pe.edu.pucp.squirlearn.dao.item.CategoriaDaoTest.testListarTodos(CategoriaDaoTest.java:78)
	at java.base/java.lang.reflect.Method.invoke(Method.java:565)
	at java.base/java.util.ArrayList.forEach(ArrayList.java:1604)
	at java.base/java.util.ArrayList.forEach(ArrayList.java:1604)
]]></error>
    <system-out><![CDATA[listarTodos
INSERT INTO categorias(NOMBRE, FECHA_CREACION, USUARIO_CREACION, FECHA_MODIFICACION, USUARIO_MODIFICACION) VALUES (?, ?, ?, ?, ?)
]]></system-out>
  </testcase>
</testsuite>