<?xml version="1.0" encoding="UTF-8"?>
<testsuite xmlns:xsi="http://www.w3.org/2001/XMLSchema-instance" xsi:noNamespaceSchemaLocation="https://maven.apache.org/surefire/maven-surefire-plugin/xsd/surefire-test-report-3.0.xsd" version="3.0" name="pe.edu.pucp.squirlearn.dao.alquiler.AlquilerDaoTest" time="15.052" tests="5" errors="0" skipped="0" failures="5">
  <properties>
[...]
</properties>
  <testcase name="testModificar" classname="pe.edu.pucp.squirlearn.dao.alquiler.AlquilerDaoTest" time="3.535">
    <failure message="expected: &lt;true&gt; but was: &lt;false&gt;" type="org.opentest4j.AssertionFailedError"><![CDATA[org.opentest4j.AssertionFailedError: expected: <true> but was: <false>
	at org.junit.jupiter.api.AssertionFailureBuilder.build(AssertionFailureBuilder.java:151)
	at org.junit.jupiter.api.AssertionFailureBuilder.buildAndThrow(AssertionFailureBuilder.java:132)
	at org.junit.jupiter.api.AssertTrue.failNotTrue(AssertTrue.java:63)
	at org.junit.jupiter.api.AssertTrue.assertTrue(AssertTrue.java:36)
	at org.junit.jupiter.api.AssertTrue.assertTrue(AssertTrue.java:31)
	at org.junit.jupiter.api.Assertions.assertTrue(Assertions.java:183)
	at pe.edu.pucp.squirlearn.dao.alquiler.AlquilerDaoTest.insertarAlquilers(AlquilerDaoTest.java:38)
	at pe.edu.pucp.squirlearn.dao.alquiler.AlquilerDaoTest.testModificar(AlquilerDaoTest.java:102)
	at java.base/java.lang.reflect.Method.invoke(Method.java:580)
	at java.base/java.util.ArrayList.forEach(ArrayList.java:1596)
	at java.base/java.util.ArrayList.forEach(ArrayList.java:1596)
]]></failure>
    <system-out><![CDATA[modificar
INSERT INTO alquileres(PERSONA_ID, ITEM_ID, FECHA_INICIO, FECHA_FIN, DEVUELTO, MONTO, FECHA_CREACION, USUARIO_CREACION, FECHA_MODIFICACION, USUARIO_MODIFICACION) VALUES (?, ?, ?, ?, ?, ?, ?, ?, ?, ?)
]]></system-out>
    <system-err><![CDATA[Error al intentar insertar - java.sql.SQLIntegrityConstraintViolationException: Cannot add or update a child row: a foreign key constraint fails (`mydb`.`alquileres`, CONSTRAINT `fk_PERSONA_has_ITEM_ITEM1` FOREIGN KEY (`ITEM_ID`) REFERENCES `items` (`ITEM_ID`))
]]></system-err>
  </testcase>
  <testcase name="testObtenerPorId" classname="pe.edu.pucp.squirlearn.dao.alquiler.AlquilerDaoTest" time="2.763">
    <failure message="expected: &lt;true&gt; but was: &lt;false&gt;" type="org.opentest4j.AssertionFailedError"><![CDATA[org.opentest4j.AssertionFailedError: expected: <true> but was: <false>
	at org.junit.jupiter.api.AssertionFailureBuilder.build(AssertionFailureBuilder.java:151)
	at org.junit.jupiter.api.AssertionFailureBuilder.buildAndThrow(AssertionFailureBuilder.java:132)
	at org.junit.jupiter.api.AssertTrue.failNotTrue(AssertTrue.java:63)
	at org.junit.jupiter.api.AssertTrue.assertTrue(AssertTrue.java:36)
	at org.junit.jupiter.api.AssertTrue.assertTrue(AssertTrue.java:31)
	at org.junit.jupiter.api.Assertions.assertTrue(Assertions.java:183)
	at pe.edu.pucp.squirlearn.dao.alquiler.AlquilerDaoTest.insertarAlquilers(AlquilerDaoTest.java:38)
	at pe.edu.pucp.squirlearn.dao.alquiler.AlquilerDaoTest.testObtenerPorId(AlquilerDaoTest.java:72)
	at java.base/java.lang.reflect.Method.invoke(Method.java:580)
	at java.base/java.util.ArrayList.forEach(ArrayList.java:1596)
	at java.base/java.util.ArrayList.forEach(ArrayList.java:1596)
]]></failure>
    <system-out><![CDATA[obtenerPorId
INSERT INTO alquileres(PERSONA_ID, ITEM_ID, FECHA_INICIO, FECHA_FIN, DEVUELTO, MONTO, FECHA_CREACION, USUARIO_CREACION, FECHA_MODIFICACION, USUARIO_MODIFICACION) VALUES (?, ?, ?, ?, ?, ?, ?, ?, ?, ?)
]]></system-out>
    <system-err><![CDATA[Error al intentar insertar - java.sql.SQLIntegrityConstraintViolationException: Cannot add or update a child row: a foreign key constraint fails (`mydb`.`alquileres`, CONSTRAINT `fk_PERSONA_has_ITEM_ITEM1` FOREIGN KEY (`ITEM_ID`) REFERENCES `items` (`ITEM_ID`))
]]></system-err>
  </testcase>
  <testcase name="testEliminar" classname="pe.edu.pucp.squirlearn.dao.alquiler.AlquilerDaoTest" time="2.824">
    <failure message="expected: &lt;true&gt; but was: &lt;false&gt;" type="org.opentest4j.AssertionFailedError"><![CDATA[org.opentest4j.AssertionFailedError: expected: <true> but was: <false>
	at org.junit.jupiter.api.AssertionFailureBuilder.build(AssertionFailureBuilder.java:151)
	at org.junit.jupiter.api.AssertionFailureBuilder.buildAndThrow(AssertionFailureBuilder.java:132)
	at org.junit.jupiter.api.AssertTrue.failNotTrue(AssertTrue.java:63)
	at org.junit.jupiter.api.AssertTrue.assertTrue(AssertTrue.java:36)
	at org.junit.jupiter.api.AssertTrue.assertTrue(AssertTrue.java:31)
	at org.junit.jupiter.api.Assertions.assertTrue(Assertions.java:183)
	at pe.edu.pucp.squirlearn.dao.alquiler.AlquilerDaoTest.insertarAlquilers(AlquilerDaoTest.java:38)
	at pe.edu.pucp.squirlearn.dao.alquiler.AlquilerDaoTest.testEliminar(AlquilerDaoTest.java:120)
	at java.base/java.lang.reflect.Method.invoke(Method.java:580)
	at java.base/java.util.ArrayList.forEach(ArrayList.java:1596)
	at java.base/java.util.ArrayList.forEach(ArrayList.java:1596)
]]></failure>
    <system-out><![CDATA[eliminar
INSERT INTO alquileres(PERSONA_ID, ITEM_ID, FECHA_INICIO, FECHA_FIN, DEVUELTO, MONTO, FECHA_CREACION, USUARIO_CREACION, FECHA_MODIFICACION, USUARIO_MODIFICACION) VALUES (?, ?, ?, ?, ?, ?, ?, ?, ?, ?)
]]></system-out>
    <system-err><![CDATA[Error al intentar insertar - java.sql.SQLIntegrityConstraintViolationException: Cannot add or update a child row: a foreign key constraint fails (`mydb`.`alquileres`, CONSTRAINT `fk_PERSONA_has_ITEM_ITEM1` FOREIGN KEY (`ITEM_ID`) REFERENCES `items` (`ITEM_ID`))
]]></system-err>
  </testcase>
  <testcase name="testInsertar" classname="pe.edu.pucp.squirlearn.dao.alquiler.AlquilerDaoTest" time="2.709">
    <failure message="expected: &lt;true&gt; but was: &lt;false&gt;" type="org.opentest4j.AssertionFailedError"><![CDATA[org.opentest4j.AssertionFailedError: expected: <true> but was: <false>
	at org.junit.jupiter.api.AssertionFailureBuilder.build(AssertionFailureBuilder.java:151)
	at org.junit.jupiter.api.AssertionFailureBuilder.buildAndThrow(AssertionFailureBuilder.java:132)
	at org.junit.jupiter.api.AssertTrue.failNotTrue(AssertTrue.java:63)
	at org.junit.jupiter.api.AssertTrue.assertTrue(AssertTrue.java:36)
	at org.junit.jupiter.api.AssertTrue.assertTrue(AssertTrue.java:31)
	at org.junit.jupiter.api.Assertions.assertTrue(Assertions.java:183)
	at pe.edu.pucp.squirlearn.dao.alquiler.AlquilerDaoTest.insertarAlquilers(AlquilerDaoTest.java:38)
	at pe.edu.pucp.squirlearn.dao.alquiler.AlquilerDaoTest.testInsertar(AlquilerDaoTest.java:21)
	at java.base/java.lang.reflect.Method.invoke(Method.java:580)
	at java.base/java.util.ArrayList.forEach(ArrayList.java:1596)
	at java.base/java.util.ArrayList.forEach(ArrayList.java:1596)
]]></failure>
    <system-out><![CDATA[insertar
INSERT INTO alquileres(PERSONA_ID, ITEM_ID, FECHA_INICIO, FECHA_FIN, DEVUELTO, MONTO, FECHA_CREACION, USUARIO_CREACION, FECHA_MODIFICACION, USUARIO_MODIFICACION) VALUES (?, ?, ?, ?, ?, ?, ?, ?, ?, ?)
]]></system-out>
    <system-err><![CDATA[Error al intentar insertar - java.sql.SQLIntegrityConstraintViolationException: Cannot add or update a child row: a foreign key constraint fails (`mydb`.`alquileres`, CONSTRAINT `fk_PERSONA_has_ITEM_ITEM1` FOREIGN KEY (`ITEM_ID`) REFERENCES `items` (`ITEM_ID`))
]]></system-err>
  </testcase>
  <testcase name="testListarTodos" classname="pe.edu.pucp.squirlearn.dao.alquiler.AlquilerDaoTest" time="3.192">
    <failure message="expected: &lt;true&gt; but was: &lt;false&gt;" type="org.opentest4j.AssertionFailedError"><![CDATA[org.opentest4j.AssertionFailedError: expected: <true> but was: <false>
	at org.junit.jupiter.api.AssertionFailureBuilder.build(AssertionFailureBuilder.java:151)
	at org.junit.jupiter.api.AssertionFailureBuilder.buildAndThrow(AssertionFailureBuilder.java:132)
	at org.junit.jupiter.api.AssertTrue.failNotTrue(AssertTrue.java:63)
	at org.junit.jupiter.api.AssertTrue.assertTrue(AssertTrue.java:36)
	at org.junit.jupiter.api.AssertTrue.assertTrue(AssertTrue.java:31)
	at org.junit.jupiter.api.Assertions.assertTrue(Assertions.java:183)
	at pe.edu.pucp.squirlearn.dao.alquiler.AlquilerDaoTest.insertarAlquilers(AlquilerDaoTest.java:38)
	at pe.edu.pucp.squirlearn.dao.alquiler.AlquilerDaoTest.testListarTodos(AlquilerDaoTest.java:88)
	at java.base/java.lang.reflect.Method.invoke(Method.java:580)
	at java.base/java.util.ArrayList.forEach(ArrayList.java:1596)
	at java.base/java.util.ArrayList.forEach(ArrayList.java:1596)
]]></failure>
    <system-out><![CDATA[listarTodos
INSERT INTO alquileres(PERSONA_ID, ITEM_ID, FECHA_INICIO, FECHA_FIN, DEVUELTO, MONTO, FECHA_CREACION, USUARIO_CREACION, FECHA_MODIFICACION, USUARIO_MODIFICACION) VALUES (?, ?, ?, ?, ?, ?, ?, ?, ?, ?)
]]></system-out>
    <system-err><![CDATA[Error al intentar insertar - java.sql.SQLIntegrityConstraintViolationException: Cannot add or update a child row: a foreign key constraint fails (`mydb`.`alquileres`, CONSTRAINT `fk_PERSONA_has_ITEM_ITEM1` FOREIGN KEY (`ITEM_ID`) REFERENCES `items` (`ITEM_ID`))
]]></system-err>
  </testcase>
</testsuite>