<?xml version="1.0" encoding="UTF-8"?>
<testsuite xmlns:xsi="http://www.w3.org/2001/XMLSchema-instance" xsi:noNamespaceSchemaLocation="https://maven.apache.org/surefire/maven-surefire-plugin/xsd/surefire-test-report-3.0.xsd" version="3.0" name="pe.edu.pucp.squirlearn.dao.publicacion.PublicacionDaoTest" time="1.738" tests="1" errors="0" skipped="0" failures="1">
  <properties>
[...]
</properties>
  <testcase name="testModificar" classname="pe.edu.pucp.squirlearn.dao.publicacion.PublicacionDaoTest" time="1.72">
    <failure message="expected: &lt;true&gt; but was: &lt;false&gt;" type="org.opentest4j.AssertionFailedError"><![CDATA[org.opentest4j.AssertionFailedError: expected: <true> but was: <false>
	at org.junit.jupiter.api.AssertionFailureBuilder.build(AssertionFailureBuilder.java:151)
	at org.junit.jupiter.api.AssertionFailureBuilder.buildAndThrow(AssertionFailureBuilder.java:132)
	at org.junit.jupiter.api.AssertTrue.failNotTrue(AssertTrue.java:63)
	at org.junit.jupiter.api.AssertTrue.assertTrue(AssertTrue.java:36)
	at org.junit.jupiter.api.AssertTrue.assertTrue(AssertTrue.java:31)
	at org.junit.jupiter.api.Assertions.assertTrue(Assertions.java:183)
	at pe.edu.pucp.squirlearn.dao.publicacion.PublicacionDaoTest.testModificar(PublicacionDaoTest.java:83)
	at java.base/java.lang.reflect.Method.invoke(Method.java:565)
	at java.base/java.util.ArrayList.forEach(ArrayList.java:1604)
	at java.base/java.util.ArrayList.forEach(ArrayList.java:1604)
]]></failure>
    <system-out><![CDATA[modificar
UPDATE publicaciones SET ESTADO_PUBLICACION_ID=?, ITEM_ID_ITEM=?, PERSONA_ID=?, FECHA_ALTA=?, FECHA_BAJA=?, CALIFICACION=?, USUARIO_CREACION=?, USUARIO_MODIFICACION=? WHERE PUBLICACION_ID=?
]]></system-out>
    <system-err><![CDATA[Error al intentar modificar - java.sql.SQLIntegrityConstraintViolationException: Column 'USUARIO_CREACION' cannot be null]]></system-err>
  </testcase>
</testsuite>