<?xml version="1.0" encoding="UTF-8"?>
<testsuite xmlns:xsi="http://www.w3.org/2001/XMLSchema-instance" xsi:noNamespaceSchemaLocation="https://maven.apache.org/surefire/maven-surefire-plugin/xsd/surefire-test-report-3.0.xsd" version="3.0" name="pe.edu.pucp.squirlearn.dao.alquiler.AlquilerDaoTest" time="41.802" tests="5" errors="0" skipped="0" failures="5">
  <properties>
[...]
</properties>
  <testcase name="testModificar" classname="pe.edu.pucp.squirlearn.dao.alquiler.AlquilerDaoTest" time="7.044">
    <failure message="expected: &lt;3&gt; but was: &lt;4&gt;" type="org.opentest4j.AssertionFailedError"><![CDATA[org.opentest4j.AssertionFailedError: expected: <3> but was: <4>
	at org.junit.jupiter.api.AssertionFailureBuilder.build(AssertionFailureBuilder.java:151)
	at org.junit.jupiter.api.AssertionFailureBuilder.buildAndThrow(AssertionFailureBuilder.java:132)
	at org.junit.jupiter.api.AssertEquals.failNotEqual(AssertEquals.java:197)
	at org.junit.jupiter.api.AssertEquals.assertEquals(AssertEquals.java:150)
	at org.junit.jupiter.api.AssertEquals.assertEquals(AssertEquals.java:145)
	at org.junit.jupiter.api.Assertions.assertEquals(Assertions.java:531)
	at pe.edu.pucp.squirlearn.dao.alquiler.AlquilerDaoTest.testModificar(AlquilerDaoTest.java:105)
	at java.base/java.lang.reflect.Method.invoke(Method.java:565)
	at java.base/java.util.ArrayList.forEach(ArrayList.java:1604)
	at java.base/java.util.ArrayList.forEach(ArrayList.java:1604)
]]></failure>
    <system-out><![CDATA[modificar
INSERT INTO alquileres(PERSONA_ID, ITEM_ID, FECHA_INICIO, FECHA_FIN, DEVUELTO, MONTO, FECHA_CREACION, USUARIO_CREACION, FECHA_MODIFICACION, USUARIO_MODIFICACION) VALUES (?, ?, ?, ?, ?, ?, ?, ?, ?, ?)
INSERT INTO alquileres(PERSONA_ID, ITEM_ID, FECHA_INICIO, FECHA_FIN, DEVUELTO, MONTO, FECHA_CREACION, USUARIO_CREACION, FECHA_MODIFICACION, USUARIO_MODIFICACION) VALUES (?, ?, ?, ?, ?, ?, ?, ?, ?, ?)
INSERT INTO alquileres(PERSONA_ID, ITEM_ID, FECHA_INICIO, FECHA_FIN, DEVUELTO, MONTO, FECHA_CREACION, USUARIO_CREACION, FECHA_MODIFICACION, USUARIO_MODIFICACION) VALUES (?, ?, ?, ?, ?, ?, ?, ?, ?, ?)
SELECT ALQUILER_ID, PERSONA_ID, ITEM_ID, FECHA_INICIO, FECHA_FIN, DEVUELTO, MONTO, FECHA_CREACION, USUARIO_CREACION, FECHA_MODIFICACION, USUARIO_MODIFICACION FROM alquileres
]]></system-out>
  </testcase>
  <testcase name="testObtenerPorId" classname="pe.edu.pucp.squirlearn.dao.alquiler.AlquilerDaoTest" time="11.824">
    <failure message="expected: not equal but was: &lt;0&gt;" type="org.opentest4j.AssertionFailedError"><![CDATA[org.opentest4j.AssertionFailedError: expected: not equal but was: <0>
	at org.junit.jupiter.api.AssertionFailureBuilder.build(AssertionFailureBuilder.java:152)
	at org.junit.jupiter.api.AssertionFailureBuilder.buildAndThrow(AssertionFailureBuilder.java:132)
	at org.junit.jupiter.api.AssertNotEquals.failEqual(AssertNotEquals.java:277)
	at org.junit.jupiter.api.AssertNotEquals.assertNotEquals(AssertNotEquals.java:263)
	at org.junit.jupiter.api.AssertNotEquals.assertNotEquals(AssertNotEquals.java:258)
	at org.junit.jupiter.api.Assertions.assertNotEquals(Assertions.java:1991)
	at pe.edu.pucp.squirlearn.dao.alquiler.AlquilerDaoTest.eliminarTodo(AlquilerDaoTest.java:128)
	at pe.edu.pucp.squirlearn.dao.alquiler.AlquilerDaoTest.testObtenerPorId(AlquilerDaoTest.java:81)
	at java.base/java.lang.reflect.Method.invoke(Method.java:565)
	at java.base/java.util.ArrayList.forEach(ArrayList.java:1604)
	at java.base/java.util.ArrayList.forEach(ArrayList.java:1604)
]]></failure>
    <system-out><![CDATA[obtenerPorId
INSERT INTO alquileres(PERSONA_ID, ITEM_ID, FECHA_INICIO, FECHA_FIN, DEVUELTO, MONTO, FECHA_CREACION, USUARIO_CREACION, FECHA_MODIFICACION, USUARIO_MODIFICACION) VALUES (?, ?, ?, ?, ?, ?, ?, ?, ?, ?)
INSERT INTO alquileres(PERSONA_ID, ITEM_ID, FECHA_INICIO, FECHA_FIN, DEVUELTO, MONTO, FECHA_CREACION, USUARIO_CREACION, FECHA_MODIFICACION, USUARIO_MODIFICACION) VALUES (?, ?, ?, ?, ?, ?, ?, ?, ?, ?)
INSERT INTO alquileres(PERSONA_ID, ITEM_ID, FECHA_INICIO, FECHA_FIN, DEVUELTO, MONTO, FECHA_CREACION, USUARIO_CREACION, FECHA_MODIFICACION, USUARIO_MODIFICACION) VALUES (?, ?, ?, ?, ?, ?, ?, ?, ?, ?)
SELECT ALQUILER_ID, PERSONA_ID, ITEM_ID, FECHA_INICIO, FECHA_FIN, DEVUELTO, MONTO, FECHA_CREACION, USUARIO_CREACION, FECHA_MODIFICACION, USUARIO_MODIFICACION FROM alquileres WHERE ALQUILER_ID=?
SELECT ALQUILER_ID, PERSONA_ID, ITEM_ID, FECHA_INICIO, FECHA_FIN, DEVUELTO, MONTO, FECHA_CREACION, USUARIO_CREACION, FECHA_MODIFICACION, USUARIO_MODIFICACION FROM alquileres WHERE ALQUILER_ID=?
SELECT ALQUILER_ID, PERSONA_ID, ITEM_ID, FECHA_INICIO, FECHA_FIN, DEVUELTO, MONTO, FECHA_CREACION, USUARIO_CREACION, FECHA_MODIFICACION, USUARIO_MODIFICACION FROM alquileres WHERE ALQUILER_ID=?
SELECT ALQUILER_ID, PERSONA_ID, ITEM_ID, FECHA_INICIO, FECHA_FIN, DEVUELTO, MONTO, FECHA_CREACION, USUARIO_CREACION, FECHA_MODIFICACION, USUARIO_MODIFICACION FROM alquileres
DELETE FROM alquileres WHERE ALQUILER_ID=?
]]></system-out>
    <system-err><![CDATA[Error al intentar insertar - java.sql.SQLIntegrityConstraintViolationException: Cannot delete or update a parent row: a foreign key constraint fails (`mydb`.`detalles_comprobantes`, CONSTRAINT `fk_DETALLE_COMPROBANTE_ALQUILER1` FOREIGN KEY (`ALQUILER_ID_ALQUILER`) REFERENCES `alquileres` (`ALQUILER_ID`))
]]></system-err>
  </testcase>
  <testcase name="testEliminar" classname="pe.edu.pucp.squirlearn.dao.alquiler.AlquilerDaoTest" time="8.018">
    <failure message="expected: not equal but was: &lt;0&gt;" type="org.opentest4j.AssertionFailedError"><![CDATA[org.opentest4j.AssertionFailedError: expected: not equal but was: <0>
	at org.junit.jupiter.api.AssertionFailureBuilder.build(AssertionFailureBuilder.java:152)
	at org.junit.jupiter.api.AssertionFailureBuilder.buildAndThrow(AssertionFailureBuilder.java:132)
	at org.junit.jupiter.api.AssertNotEquals.failEqual(AssertNotEquals.java:277)
	at org.junit.jupiter.api.AssertNotEquals.assertNotEquals(AssertNotEquals.java:263)
	at org.junit.jupiter.api.AssertNotEquals.assertNotEquals(AssertNotEquals.java:258)
	at org.junit.jupiter.api.Assertions.assertNotEquals(Assertions.java:1991)
	at pe.edu.pucp.squirlearn.dao.alquiler.AlquilerDaoTest.eliminarTodo(AlquilerDaoTest.java:128)
	at pe.edu.pucp.squirlearn.dao.alquiler.AlquilerDaoTest.testEliminar(AlquilerDaoTest.java:121)
	at java.base/java.lang.reflect.Method.invoke(Method.java:565)
	at java.base/java.util.ArrayList.forEach(ArrayList.java:1604)
	at java.base/java.util.ArrayList.forEach(ArrayList.java:1604)
]]></failure>
    <system-out><![CDATA[eliminar
INSERT INTO alquileres(PERSONA_ID, ITEM_ID, FECHA_INICIO, FECHA_FIN, DEVUELTO, MONTO, FECHA_CREACION, USUARIO_CREACION, FECHA_MODIFICACION, USUARIO_MODIFICACION) VALUES (?, ?, ?, ?, ?, ?, ?, ?, ?, ?)
INSERT INTO alquileres(PERSONA_ID, ITEM_ID, FECHA_INICIO, FECHA_FIN, DEVUELTO, MONTO, FECHA_CREACION, USUARIO_CREACION, FECHA_MODIFICACION, USUARIO_MODIFICACION) VALUES (?, ?, ?, ?, ?, ?, ?, ?, ?, ?)
INSERT INTO alquileres(PERSONA_ID, ITEM_ID, FECHA_INICIO, FECHA_FIN, DEVUELTO, MONTO, FECHA_CREACION, USUARIO_CREACION, FECHA_MODIFICACION, USUARIO_MODIFICACION) VALUES (?, ?, ?, ?, ?, ?, ?, ?, ?, ?)
SELECT ALQUILER_ID, PERSONA_ID, ITEM_ID, FECHA_INICIO, FECHA_FIN, DEVUELTO, MONTO, FECHA_CREACION, USUARIO_CREACION, FECHA_MODIFICACION, USUARIO_MODIFICACION FROM alquileres
DELETE FROM alquileres WHERE ALQUILER_ID=?
]]></system-out>
    <system-err><![CDATA[Error al intentar insertar - java.sql.SQLIntegrityConstraintViolationException: Cannot delete or update a parent row: a foreign key constraint fails (`mydb`.`detalles_comprobantes`, CONSTRAINT `fk_DETALLE_COMPROBANTE_ALQUILER1` FOREIGN KEY (`ALQUILER_ID_ALQUILER`) REFERENCES `alquileres` (`ALQUILER_ID`))
]]></system-err>
  </testcase>
  <testcase name="testInsertar" classname="pe.edu.pucp.squirlearn.dao.alquiler.AlquilerDaoTest" time="7.913">
    <failure message="expected: not equal but was: &lt;0&gt;" type="org.opentest4j.AssertionFailedError"><![CDATA[org.opentest4j.AssertionFailedError: expected: not equal but was: <0>
	at org.junit.jupiter.api.AssertionFailureBuilder.build(AssertionFailureBuilder.java:152)
	at org.junit.jupiter.api.AssertionFailureBuilder.buildAndThrow(AssertionFailureBuilder.java:132)
	at org.junit.jupiter.api.AssertNotEquals.failEqual(AssertNotEquals.java:277)
	at org.junit.jupiter.api.AssertNotEquals.assertNotEquals(AssertNotEquals.java:263)
	at org.junit.jupiter.api.AssertNotEquals.assertNotEquals(AssertNotEquals.java:258)
	at org.junit.jupiter.api.Assertions.assertNotEquals(Assertions.java:1991)
	at pe.edu.pucp.squirlearn.dao.alquiler.AlquilerDaoTest.eliminarTodo(AlquilerDaoTest.java:128)
	at pe.edu.pucp.squirlearn.dao.alquiler.AlquilerDaoTest.testInsertar(AlquilerDaoTest.java:22)
	at java.base/java.lang.reflect.Method.invoke(Method.java:565)
	at java.base/java.util.ArrayList.forEach(ArrayList.java:1604)
	at java.base/java.util.ArrayList.forEach(ArrayList.java:1604)
]]></failure>
    <system-out><![CDATA[insertar
INSERT INTO alquileres(PERSONA_ID, ITEM_ID, FECHA_INICIO, FECHA_FIN, DEVUELTO, MONTO, FECHA_CREACION, USUARIO_CREACION, FECHA_MODIFICACION, USUARIO_MODIFICACION) VALUES (?, ?, ?, ?, ?, ?, ?, ?, ?, ?)
INSERT INTO alquileres(PERSONA_ID, ITEM_ID, FECHA_INICIO, FECHA_FIN, DEVUELTO, MONTO, FECHA_CREACION, USUARIO_CREACION, FECHA_MODIFICACION, USUARIO_MODIFICACION) VALUES (?, ?, ?, ?, ?, ?, ?, ?, ?, ?)
INSERT INTO alquileres(PERSONA_ID, ITEM_ID, FECHA_INICIO, FECHA_FIN, DEVUELTO, MONTO, FECHA_CREACION, USUARIO_CREACION, FECHA_MODIFICACION, USUARIO_MODIFICACION) VALUES (?, ?, ?, ?, ?, ?, ?, ?, ?, ?)
SELECT ALQUILER_ID, PERSONA_ID, ITEM_ID, FECHA_INICIO, FECHA_FIN, DEVUELTO, MONTO, FECHA_CREACION, USUARIO_CREACION, FECHA_MODIFICACION, USUARIO_MODIFICACION FROM alquileres
DELETE FROM alquileres WHERE ALQUILER_ID=?
]]></system-out>
    <system-err><![CDATA[Error al intentar insertar - java.sql.SQLIntegrityConstraintViolationException: Cannot delete or update a parent row: a foreign key constraint fails (`mydb`.`detalles_comprobantes`, CONSTRAINT `fk_DETALLE_COMPROBANTE_ALQUILER1` FOREIGN KEY (`ALQUILER_ID_ALQUILER`) REFERENCES `alquileres` (`ALQUILER_ID`))
]]></system-err>
  </testcase>
  <testcase name="testListarTodos" classname="pe.edu.pucp.squirlearn.dao.alquiler.AlquilerDaoTest" time="6.978">
    <failure message="expected: &lt;3&gt; but was: &lt;16&gt;" type="org.opentest4j.AssertionFailedError"><![CDATA[org.opentest4j.AssertionFailedError: expected: <3> but was: <16>
	at org.junit.jupiter.api.AssertionFailureBuilder.build(AssertionFailureBuilder.java:151)
	at org.junit.jupiter.api.AssertionFailureBuilder.buildAndThrow(AssertionFailureBuilder.java:132)
	at org.junit.jupiter.api.AssertEquals.failNotEqual(AssertEquals.java:197)
	at org.junit.jupiter.api.AssertEquals.assertEquals(AssertEquals.java:150)
	at org.junit.jupiter.api.AssertEquals.assertEquals(AssertEquals.java:145)
	at org.junit.jupiter.api.Assertions.assertEquals(Assertions.java:531)
	at pe.edu.pucp.squirlearn.dao.alquiler.AlquilerDaoTest.testListarTodos(AlquilerDaoTest.java:91)
	at java.base/java.lang.reflect.Method.invoke(Method.java:565)
	at java.base/java.util.ArrayList.forEach(ArrayList.java:1604)
	at java.base/java.util.ArrayList.forEach(ArrayList.java:1604)
]]></failure>
    <system-out><![CDATA[listarTodos
INSERT INTO alquileres(PERSONA_ID, ITEM_ID, FECHA_INICIO, FECHA_FIN, DEVUELTO, MONTO, FECHA_CREACION, USUARIO_CREACION, FECHA_MODIFICACION, USUARIO_MODIFICACION) VALUES (?, ?, ?, ?, ?, ?, ?, ?, ?, ?)
INSERT INTO alquileres(PERSONA_ID, ITEM_ID, FECHA_INICIO, FECHA_FIN, DEVUELTO, MONTO, FECHA_CREACION, USUARIO_CREACION, FECHA_MODIFICACION, USUARIO_MODIFICACION) VALUES (?, ?, ?, ?, ?, ?, ?, ?, ?, ?)
INSERT INTO alquileres(PERSONA_ID, ITEM_ID, FECHA_INICIO, FECHA_FIN, DEVUELTO, MONTO, FECHA_CREACION, USUARIO_CREACION, FECHA_MODIFICACION, USUARIO_MODIFICACION) VALUES (?, ?, ?, ?, ?, ?, ?, ?, ?, ?)
SELECT ALQUILER_ID, PERSONA_ID, ITEM_ID, FECHA_INICIO, FECHA_FIN, DEVUELTO, MONTO, FECHA_CREACION, USUARIO_CREACION, FECHA_MODIFICACION, USUARIO_MODIFICACION FROM alquileres
]]></system-out>
  </testcase>
</testsuite>