<?xml version="1.0" encoding="UTF-8"?>
<testsuite xmlns:xsi="http://www.w3.org/2001/XMLSchema-instance" xsi:noNamespaceSchemaLocation="https://maven.apache.org/surefire/maven-surefire-plugin/xsd/surefire-test-report-3.0.xsd" version="3.0" name="pe.edu.pucp.squirlearn.dao.comprobante.MonedaPagoDaoTest" time="5.969" tests="5" errors="0" skipped="0" failures="5">
  <properties>
[...]
</properties>
  <testcase name="testModificar" classname="pe.edu.pucp.squirlearn.dao.comprobante.MonedaPagoDaoTest" time="1.19">
    <failure message="expected: &lt;true&gt; but was: &lt;false&gt;" type="org.opentest4j.AssertionFailedError"><![CDATA[org.opentest4j.AssertionFailedError: expected: <true> but was: <false>
	at org.junit.jupiter.api.AssertionFailureBuilder.build(AssertionFailureBuilder.java:151)
	at org.junit.jupiter.api.AssertionFailureBuilder.buildAndThrow(AssertionFailureBuilder.java:132)
	at org.junit.jupiter.api.AssertTrue.failNotTrue(AssertTrue.java:63)
	at org.junit.jupiter.api.AssertTrue.assertTrue(AssertTrue.java:36)
	at org.junit.jupiter.api.AssertTrue.assertTrue(AssertTrue.java:31)
	at org.junit.jupiter.api.Assertions.assertTrue(Assertions.java:183)
	at pe.edu.pucp.squirlearn.dao.comprobante.MonedaPagoDaoTest.insertarMonedaPagos(MonedaPagoDaoTest.java:33)
	at pe.edu.pucp.squirlearn.dao.comprobante.MonedaPagoDaoTest.testModificar(MonedaPagoDaoTest.java:91)
	at java.base/java.lang.reflect.Method.invoke(Method.java:565)
	at java.base/java.util.ArrayList.forEach(ArrayList.java:1604)
	at java.base/java.util.ArrayList.forEach(ArrayList.java:1604)
]]></failure>
    <system-out><![CDATA[modificar
INSERT INTO moneda_pagos(NOMBRE, FECHA_CREACION, USUARIO_CREACION, FECHA_MODIFICACION, USUARIO_MODIFICACION) VALUES (?, ?, ?, ?, ?)
]]></system-out>
    <system-err><![CDATA[Error al intentar insertar - java.sql.SQLSyntaxErrorException: Table 'soft-test.moneda_pagos' doesn't exist
]]></system-err>
  </testcase>
  <testcase name="testObtenerPorId" classname="pe.edu.pucp.squirlearn.dao.comprobante.MonedaPagoDaoTest" time="1.185">
    <failure message="expected: &lt;true&gt; but was: &lt;false&gt;" type="org.opentest4j.AssertionFailedError"><![CDATA[org.opentest4j.AssertionFailedError: expected: <true> but was: <false>
	at org.junit.jupiter.api.AssertionFailureBuilder.build(AssertionFailureBuilder.java:151)
	at org.junit.jupiter.api.AssertionFailureBuilder.buildAndThrow(AssertionFailureBuilder.java:132)
	at org.junit.jupiter.api.AssertTrue.failNotTrue(AssertTrue.java:63)
	at org.junit.jupiter.api.AssertTrue.assertTrue(AssertTrue.java:36)
	at org.junit.jupiter.api.AssertTrue.assertTrue(AssertTrue.java:31)
	at org.junit.jupiter.api.Assertions.assertTrue(Assertions.java:183)
	at pe.edu.pucp.squirlearn.dao.comprobante.MonedaPagoDaoTest.insertarMonedaPagos(MonedaPagoDaoTest.java:33)
	at pe.edu.pucp.squirlearn.dao.comprobante.MonedaPagoDaoTest.testObtenerPorId(MonedaPagoDaoTest.java:61)
	at java.base/java.lang.reflect.Method.invoke(Method.java:565)
	at java.base/java.util.ArrayList.forEach(ArrayList.java:1604)
	at java.base/java.util.ArrayList.forEach(ArrayList.java:1604)
]]></failure>
    <system-out><![CDATA[obtenerPorId
INSERT INTO moneda_pagos(NOMBRE, FECHA_CREACION, USUARIO_CREACION, FECHA_MODIFICACION, USUARIO_MODIFICACION) VALUES (?, ?, ?, ?, ?)
]]></system-out>
    <system-err><![CDATA[Error al intentar insertar - java.sql.SQLSyntaxErrorException: Table 'soft-test.moneda_pagos' doesn't exist
]]></system-err>
  </testcase>
  <testcase name="testEliminar" classname="pe.edu.pucp.squirlearn.dao.comprobante.MonedaPagoDaoTest" time="1.192">
    <failure message="expected: &lt;true&gt; but was: &lt;false&gt;" type="org.opentest4j.AssertionFailedError"><![CDATA[org.opentest4j.AssertionFailedError: expected: <true> but was: <false>
	at org.junit.jupiter.api.AssertionFailureBuilder.build(AssertionFailureBuilder.java:151)
	at org.junit.jupiter.api.AssertionFailureBuilder.buildAndThrow(AssertionFailureBuilder.java:132)
	at org.junit.jupiter.api.AssertTrue.failNotTrue(AssertTrue.java:63)
	at org.junit.jupiter.api.AssertTrue.assertTrue(AssertTrue.java:36)
	at org.junit.jupiter.api.AssertTrue.assertTrue(AssertTrue.java:31)
	at org.junit.jupiter.api.Assertions.assertTrue(Assertions.java:183)
	at pe.edu.pucp.squirlearn.dao.comprobante.MonedaPagoDaoTest.insertarMonedaPagos(MonedaPagoDaoTest.java:33)
	at pe.edu.pucp.squirlearn.dao.comprobante.MonedaPagoDaoTest.testEliminar(MonedaPagoDaoTest.java:109)
	at java.base/java.lang.reflect.Method.invoke(Method.java:565)
	at java.base/java.util.ArrayList.forEach(ArrayList.java:1604)
	at java.base/java.util.ArrayList.forEach(ArrayList.java:1604)
]]></failure>
    <system-out><![CDATA[eliminar
INSERT INTO moneda_pagos(NOMBRE, FECHA_CREACION, USUARIO_CREACION, FECHA_MODIFICACION, USUARIO_MODIFICACION) VALUES (?, ?, ?, ?, ?)
]]></system-out>
    <system-err><![CDATA[Error al intentar insertar - java.sql.SQLSyntaxErrorException: Table 'soft-test.moneda_pagos' doesn't exist
]]></system-err>
  </testcase>
  <testcase name="testInsertar" classname="pe.edu.pucp.squirlearn.dao.comprobante.MonedaPagoDaoTest" time="1.2">
    <failure message="expected: &lt;true&gt; but was: &lt;false&gt;" type="org.opentest4j.AssertionFailedError"><![CDATA[org.opentest4j.AssertionFailedError: expected: <true> but was: <false>
	at org.junit.jupiter.api.AssertionFailureBuilder.build(AssertionFailureBuilder.java:151)
	at org.junit.jupiter.api.AssertionFailureBuilder.buildAndThrow(AssertionFailureBuilder.java:132)
	at org.junit.jupiter.api.AssertTrue.failNotTrue(AssertTrue.java:63)
	at org.junit.jupiter.api.AssertTrue.assertTrue(AssertTrue.java:36)
	at org.junit.jupiter.api.AssertTrue.assertTrue(AssertTrue.java:31)
	at org.junit.jupiter.api.Assertions.assertTrue(Assertions.java:183)
	at pe.edu.pucp.squirlearn.dao.comprobante.MonedaPagoDaoTest.insertarMonedaPagos(MonedaPagoDaoTest.java:33)
	at pe.edu.pucp.squirlearn.dao.comprobante.MonedaPagoDaoTest.testInsertar(MonedaPagoDaoTest.java:21)
	at java.base/java.lang.reflect.Method.invoke(Method.java:565)
	at java.base/java.util.ArrayList.forEach(ArrayList.java:1604)
	at java.base/java.util.ArrayList.forEach(ArrayList.java:1604)
]]></failure>
    <system-out><![CDATA[insertar
INSERT INTO moneda_pagos(NOMBRE, FECHA_CREACION, USUARIO_CREACION, FECHA_MODIFICACION, USUARIO_MODIFICACION) VALUES (?, ?, ?, ?, ?)
]]></system-out>
    <system-err><![CDATA[Error al intentar insertar - java.sql.SQLSyntaxErrorException: Table 'soft-test.moneda_pagos' doesn't exist
]]></system-err>
  </testcase>
  <testcase name="testListarTodos" classname="pe.edu.pucp.squirlearn.dao.comprobante.MonedaPagoDaoTest" time="1.198">
    <failure message="expected: &lt;true&gt; but was: &lt;false&gt;" type="org.opentest4j.AssertionFailedError"><![CDATA[org.opentest4j.AssertionFailedError: expected: <true> but was: <false>
	at org.junit.jupiter.api.AssertionFailureBuilder.build(AssertionFailureBuilder.java:151)
	at org.junit.jupiter.api.AssertionFailureBuilder.buildAndThrow(AssertionFailureBuilder.java:132)
	at org.junit.jupiter.api.AssertTrue.failNotTrue(AssertTrue.java:63)
	at org.junit.jupiter.api.AssertTrue.assertTrue(AssertTrue.java:36)
	at org.junit.jupiter.api.AssertTrue.assertTrue(AssertTrue.java:31)
	at org.junit.jupiter.api.Assertions.assertTrue(Assertions.java:183)
	at pe.edu.pucp.squirlearn.dao.comprobante.MonedaPagoDaoTest.insertarMonedaPagos(MonedaPagoDaoTest.java:33)
	at pe.edu.pucp.squirlearn.dao.comprobante.MonedaPagoDaoTest.testListarTodos(MonedaPagoDaoTest.java:77)
	at java.base/java.lang.reflect.Method.invoke(Method.java:565)
	at java.base/java.util.ArrayList.forEach(ArrayList.java:1604)
	at java.base/java.util.ArrayList.forEach(ArrayList.java:1604)
]]></failure>
    <system-out><![CDATA[listarTodos
INSERT INTO moneda_pagos(NOMBRE, FECHA_CREACION, USUARIO_CREACION, FECHA_MODIFICACION, USUARIO_MODIFICACION) VALUES (?, ?, ?, ?, ?)
]]></system-out>
    <system-err><![CDATA[Error al intentar insertar - java.sql.SQLSyntaxErrorException: Table 'soft-test.moneda_pagos' doesn't exist
]]></system-err>
  </testcase>
</testsuite>